<?xml version="1.0" encoding="UTF-8"?>
<coverage generated="1776998000045" clover="3.2.0">
  <project timestamp="1776998000045" name="All files">
    <metrics statements="600" coveredstatements="314" conditionals="441" coveredconditionals="169" methods="160" coveredmethods="80" elements="1201" coveredelements="563" complexity="0" loc="600" ncloc="600" packages="10" files="34" classes="34"/>
    <package name="components">
      <metrics statements="153" coveredstatements="88" conditionals="165" coveredconditionals="88" methods="35" coveredmethods="22"/>
      <file name="ApiStatusBanner.tsx" path="C:\Users\USER\Documents\War\YieldVault-RWA\frontend\src\components\ApiStatusBanner.tsx">
        <metrics statements="3" coveredstatements="3" conditionals="0" coveredconditionals="0" methods="1" coveredmethods="1"/>
        <line num="9" count="1" type="stmt"/>
        <line num="10" count="1" type="stmt"/>
        <line num="11" count="1" type="stmt"/>
      </file>
      <file name="CopyButton.tsx" path="C:\Users\USER\Documents\War\YieldVault-RWA\frontend\src\components\CopyButton.tsx">
        <metrics statements="27" coveredstatements="12" conditionals="22" coveredconditionals="6" methods="7" coveredmethods="3"/>
        <line num="17" count="1" type="stmt"/>
        <line num="20" count="0" type="stmt"/>
        <line num="23" count="1" type="stmt"/>
        <line num="31" count="29" type="stmt"/>
        <line num="32" count="29" type="stmt"/>
        <line num="33" count="29" type="stmt"/>
        <line num="35" count="29" type="stmt"/>
        <line num="36" count="11" type="stmt"/>
        <line num="37" count="11" type="cond" truecount="1" falsecount="1"/>
        <line num="38" count="0" type="stmt"/>
        <line num="43" count="29" type="stmt"/>
        <line num="44" count="0" type="stmt"/>
        <line num="46" count="0" type="cond" truecount="0" falsecount="2"/>
        <line num="47" count="0" type="stmt"/>
        <line num="50" count="0" type="stmt"/>
        <line num="51" count="0" type="stmt"/>
        <line num="52" count="0" type="stmt"/>
        <line num="56" count="29" type="stmt"/>
        <line num="57" count="0" type="stmt"/>
        <line num="58" count="0" type="stmt"/>
        <line num="59" count="0" type="stmt"/>
        <line num="60" count="0" type="stmt"/>
        <line num="66" count="0" type="stmt"/>
        <line num="67" count="0" type="stmt"/>
        <line num="68" count="0" type="stmt"/>
        <line num="78" count="29" type="cond" truecount="2" falsecount="2"/>
        <line num="80" count="29" type="stmt"/>
      </file>
      <file name="Tabs.css" path="C:\Users\USER\Documents\War\YieldVault-RWA\frontend\src\components\Tabs.css">
        <metrics statements="0" coveredstatements="0" conditionals="0" coveredconditionals="0" methods="0" coveredmethods="0"/>
      </file>
      <file name="Tabs.tsx" path="C:\Users\USER\Documents\War\YieldVault-RWA\frontend\src\components\Tabs.tsx">
        <metrics statements="64" coveredstatements="23" conditionals="53" coveredconditionals="18" methods="14" coveredmethods="8"/>
        <line num="11" count="1" type="stmt"/>
        <line num="14" count="116" type="stmt"/>
        <line num="15" count="116" type="cond" truecount="1" falsecount="1"/>
        <line num="16" count="0" type="stmt"/>
        <line num="18" count="116" type="stmt"/>
        <line num="39" count="0" type="stmt"/>
        <line num="40" count="0" type="cond" truecount="0" falsecount="2"/>
        <line num="42" count="0" type="stmt"/>
        <line num="43" count="0" type="cond" truecount="0" falsecount="2"/>
        <line num="47" count="0" type="stmt"/>
        <line num="48" count="0" type="cond" truecount="0" falsecount="4"/>
        <line num="49" count="0" type="stmt"/>
        <line num="51" count="0" type="stmt"/>
        <line num="52" count="0" type="stmt"/>
        <line num="53" count="0" type="stmt"/>
        <line num="60" count="0" type="stmt"/>
        <line num="61" count="0" type="cond" truecount="0" falsecount="2"/>
        <line num="62" count="0" type="stmt"/>
        <line num="65" count="0" type="stmt"/>
        <line num="67" count="0" type="stmt"/>
        <line num="68" count="0" type="stmt"/>
        <line num="69" count="0" type="stmt"/>
        <line num="74" count="0" type="cond" truecount="0" falsecount="2"/>
        <line num="75" count="0" type="stmt"/>
        <line num="79" count="0" type="stmt"/>
        <line num="95" count="29" type="cond" truecount="1" falsecount="1"/>
        <line num="97" count="29" type="cond" truecount="1" falsecount="1"/>
        <line num="99" count="29" type="stmt"/>
        <line num="100" count="4" type="cond" truecount="1" falsecount="1"/>
        <line num="101" count="0" type="stmt"/>
        <line num="103" count="4" type="cond" truecount="1" falsecount="1"/>
        <line num="104" count="4" type="stmt"/>
        <line num="108" count="29" type="stmt"/>
        <line num="118" count="29" type="cond" truecount="1" falsecount="1"/>
        <line num="119" count="0" type="stmt"/>
        <line num="121" count="29" type="stmt"/>
        <line num="125" count="29" type="stmt"/>
        <line num="133" count="58" type="stmt"/>
        <line num="134" count="58" type="stmt"/>
        <line num="136" count="58" type="stmt"/>
        <line num="137" count="0" type="stmt"/>
        <line num="138" count="0" type="cond" truecount="0" falsecount="2"/>
        <line num="140" count="0" type="stmt"/>
        <line num="141" count="0" type="stmt"/>
        <line num="142" count="0" type="cond" truecount="0" falsecount="2"/>
        <line num="144" count="0" type="stmt"/>
        <line num="145" count="0" type="cond" truecount="0" falsecount="2"/>
        <line num="146" count="0" type="stmt"/>
        <line num="147" count="0" type="cond" truecount="0" falsecount="2"/>
        <line num="148" count="0" type="stmt"/>
        <line num="149" count="0" type="cond" truecount="0" falsecount="2"/>
        <line num="150" count="0" type="stmt"/>
        <line num="151" count="0" type="cond" truecount="0" falsecount="2"/>
        <line num="152" count="0" type="stmt"/>
        <line num="154" count="0" type="stmt"/>
        <line num="157" count="0" type="stmt"/>
        <line num="158" count="0" type="stmt"/>
        <line num="159" count="0" type="stmt"/>
        <line num="162" count="58" type="stmt"/>
        <line num="172" count="4" type="stmt"/>
        <line num="181" count="58" type="stmt"/>
        <line num="182" count="58" type="stmt"/>
        <line num="184" count="58" type="cond" truecount="2" falsecount="0"/>
        <line num="186" count="29" type="stmt"/>
      </file>
      <file name="VaultDashboard.tsx" path="C:\Users\USER\Documents\War\YieldVault-RWA\frontend\src\components\VaultDashboard.tsx">
        <metrics statements="56" coveredstatements="47" conditionals="89" coveredconditionals="63" methods="12" coveredmethods="9"/>
        <line num="18" count="1" type="stmt"/>
        <line num="19" count="0" type="stmt"/>
        <line num="21" count="0" type="stmt"/>
        <line num="49" count="1" type="stmt"/>
        <line num="53" count="29" type="stmt"/>
        <line num="54" count="29" type="stmt"/>
        <line num="55" count="29" type="stmt"/>
        <line num="56" count="29" type="stmt"/>
        <line num="58" count="29" type="stmt"/>
        <line num="59" count="29" type="stmt"/>
        <line num="61" count="29" type="stmt"/>
        <line num="62" count="11" type="stmt"/>
        <line num="63" count="0" type="stmt"/>
        <line num="64" count="0" type="stmt"/>
        <line num="65" count="0" type="stmt"/>
        <line num="66" count="0" type="cond" truecount="0" falsecount="2"/>
        <line num="69" count="11" type="stmt"/>
        <line num="70" count="11" type="stmt"/>
        <line num="73" count="29" type="cond" truecount="1" falsecount="1"/>
        <line num="79" count="29" type="cond" truecount="2" falsecount="0"/>
        <line num="80" count="29" type="stmt"/>
        <line num="81" count="29" type="stmt"/>
        <line num="82" count="29" type="cond" truecount="2" falsecount="0"/>
        <line num="83" count="29" type="stmt"/>
        <line num="84" count="29" type="cond" truecount="2" falsecount="0"/>
        <line num="85" count="29" type="cond" truecount="2" falsecount="0"/>
        <line num="87" count="29" type="cond" truecount="1" falsecount="1"/>
        <line num="88" count="29" type="stmt"/>
        <line num="89" count="29" type="stmt"/>
        <line num="91" count="29" type="stmt"/>
        <line num="92" count="6" type="stmt"/>
        <line num="94" count="6" type="cond" truecount="1" falsecount="1"/>
        <line num="95" count="0" type="stmt"/>
        <line num="99" count="0" type="stmt"/>
        <line num="102" count="6" type="cond" truecount="5" falsecount="0"/>
        <line num="103" count="2" type="stmt"/>
        <line num="107" count="2" type="stmt"/>
        <line num="110" count="4" type="cond" truecount="4" falsecount="0"/>
        <line num="111" count="1" type="stmt"/>
        <line num="115" count="1" type="stmt"/>
        <line num="117" count="3" type="cond" truecount="4" falsecount="0"/>
        <line num="118" count="1" type="stmt"/>
        <line num="122" count="1" type="stmt"/>
        <line num="125" count="2" type="stmt"/>
        <line num="126" count="2" type="cond" truecount="1" falsecount="1"/>
        <line num="127" count="2" type="stmt"/>
        <line num="129" count="0" type="stmt"/>
        <line num="132" count="1" type="stmt"/>
        <line num="133" count="1" type="stmt"/>
        <line num="140" count="1" type="stmt"/>
        <line num="147" count="29" type="stmt"/>
        <line num="244" count="4" type="stmt"/>
        <line num="251" count="58" type="stmt"/>
        <line num="273" count="6" type="stmt"/>
        <line num="278" count="1" type="stmt"/>
        <line num="310" count="6" type="stmt"/>
      </file>
      <file name="VaultPerformanceChart.tsx" path="C:\Users\USER\Documents\War\YieldVault-RWA\frontend\src\components\VaultPerformanceChart.tsx">
        <metrics statements="3" coveredstatements="3" conditionals="1" coveredconditionals="1" methods="1" coveredmethods="1"/>
        <line num="5" count="1" type="stmt"/>
        <line num="6" count="31" type="cond" truecount="1" falsecount="0"/>
        <line num="8" count="31" type="stmt"/>
      </file>
      <file name="icons.ts" path="C:\Users\USER\Documents\War\YieldVault-RWA\frontend\src\components\icons.ts">
        <metrics statements="0" coveredstatements="0" conditionals="0" coveredconditionals="0" methods="0" coveredmethods="0"/>
      </file>
    </package>
    <package name="config">
      <metrics statements="4" coveredstatements="4" conditionals="6" coveredconditionals="6" methods="0" coveredmethods="0"/>
      <file name="network.ts" path="C:\Users\USER\Documents\War\YieldVault-RWA\frontend\src\config\network.ts">
        <metrics statements="4" coveredstatements="4" conditionals="6" coveredconditionals="6" methods="0" coveredmethods="0"/>
        <line num="1" count="1" type="stmt"/>
        <line num="2" count="1" type="stmt"/>
        <line num="10" count="1" type="stmt"/>
        <line num="17" count="1" type="stmt"/>
      </file>
    </package>
    <package name="context">
      <metrics statements="63" coveredstatements="52" conditionals="22" coveredconditionals="15" methods="22" coveredmethods="15"/>
      <file name="ToastContext.tsx" path="C:\Users\USER\Documents\War\YieldVault-RWA\frontend\src\context\ToastContext.tsx">
        <metrics statements="38" coveredstatements="29" conditionals="10" coveredconditionals="7" methods="17" coveredmethods="11"/>
        <line num="27" count="1" type="stmt"/>
        <line num="29" count="1" type="stmt"/>
        <line num="31" count="1" type="stmt"/>
        <line num="34" count="17" type="stmt"/>
        <line num="35" count="17" type="stmt"/>
        <line num="36" count="17" type="stmt"/>
        <line num="38" count="17" type="stmt"/>
        <line num="39" count="0" type="stmt"/>
        <line num="41" count="0" type="stmt"/>
        <line num="42" count="0" type="cond" truecount="0" falsecount="2"/>
        <line num="43" count="0" type="stmt"/>
        <line num="44" count="0" type="stmt"/>
        <line num="48" count="17" type="stmt"/>
        <line num="53" count="6" type="stmt"/>
        <line num="54" count="6" type="stmt"/>
        <line num="55" count="6" type="stmt"/>
        <line num="62" count="6" type="stmt"/>
        <line num="64" count="6" type="stmt"/>
        <line num="65" count="0" type="stmt"/>
        <line num="68" count="6" type="stmt"/>
        <line num="69" count="6" type="stmt"/>
        <line num="72" count="17" type="stmt"/>
        <line num="73" count="11" type="stmt"/>
        <line num="75" count="11" type="stmt"/>
        <line num="76" count="11" type="stmt"/>
        <line num="77" count="6" type="stmt"/>
        <line num="79" count="11" type="stmt"/>
        <line num="83" count="17" type="stmt"/>
        <line num="88" count="1" type="stmt"/>
        <line num="89" count="1" type="stmt"/>
        <line num="90" count="4" type="stmt"/>
        <line num="91" count="0" type="stmt"/>
        <line num="97" count="6" type="stmt"/>
        <line num="112" count="0" type="stmt"/>
        <line num="125" count="58" type="stmt"/>
        <line num="127" count="58" type="cond" truecount="1" falsecount="1"/>
        <line num="128" count="0" type="stmt"/>
        <line num="131" count="58" type="stmt"/>
      </file>
      <file name="VaultContext.tsx" path="C:\Users\USER\Documents\War\YieldVault-RWA\frontend\src\context\VaultContext.tsx">
        <metrics statements="25" coveredstatements="23" conditionals="12" coveredconditionals="8" methods="5" coveredmethods="4"/>
        <line num="28" count="1" type="stmt"/>
        <line num="51" count="1" type="stmt"/>
        <line num="53" count="1" type="stmt"/>
        <line num="56" count="12" type="stmt"/>
        <line num="58" count="12" type="cond" truecount="1" falsecount="1"/>
        <line num="68" count="12" type="cond" truecount="2" falsecount="0"/>
        <line num="72" count="12" type="stmt"/>
        <line num="74" count="12" type="cond" truecount="1" falsecount="1"/>
        <line num="75" count="12" type="cond" truecount="1" falsecount="1"/>
        <line num="76" count="12" type="stmt"/>
        <line num="78" count="12" type="stmt"/>
        <line num="79" count="11" type="stmt"/>
        <line num="80" count="92" type="cond" truecount="2" falsecount="0"/>
        <line num="81" count="12" type="stmt"/>
        <line num="85" count="11" type="stmt"/>
        <line num="88" count="12" type="stmt"/>
        <line num="94" count="12" type="stmt"/>
        <line num="96" count="12" type="stmt"/>
        <line num="97" count="0" type="stmt"/>
        <line num="100" count="12" type="stmt"/>
        <line num="124" count="1" type="stmt"/>
        <line num="125" count="29" type="stmt"/>
        <line num="126" count="29" type="cond" truecount="1" falsecount="1"/>
        <line num="127" count="0" type="stmt"/>
        <line num="129" count="29" type="stmt"/>
      </file>
    </package>
    <package name="forms">
      <metrics statements="66" coveredstatements="1" conditionals="40" coveredconditionals="0" methods="15" coveredmethods="0"/>
      <file name="index.ts" path="C:\Users\USER\Documents\War\YieldVault-RWA\frontend\src\forms\index.ts">
        <metrics statements="0" coveredstatements="0" conditionals="0" coveredconditionals="0" methods="0" coveredmethods="0"/>
      </file>
      <file name="useForm.ts" path="C:\Users\USER\Documents\War\YieldVault-RWA\frontend\src\forms\useForm.ts">
        <metrics statements="35" coveredstatements="0" conditionals="2" coveredconditionals="0" methods="12" coveredmethods="0"/>
        <line num="13" count="0" type="stmt"/>
        <line num="14" count="0" type="stmt"/>
        <line num="15" count="0" type="stmt"/>
        <line num="16" count="0" type="stmt"/>
        <line num="18" count="0" type="stmt"/>
        <line num="19" count="0" type="stmt"/>
        <line num="20" count="0" type="stmt"/>
        <line num="22" count="0" type="stmt"/>
        <line num="28" count="0" type="stmt"/>
        <line num="29" count="0" type="stmt"/>
        <line num="30" count="0" type="stmt"/>
        <line num="32" count="0" type="stmt"/>
        <line num="36" count="0" type="stmt"/>
        <line num="38" count="0" type="stmt"/>
        <line num="39" count="0" type="stmt"/>
        <line num="40" count="0" type="stmt"/>
        <line num="42" count="0" type="stmt"/>
        <line num="45" count="0" type="stmt"/>
        <line num="46" count="0" type="stmt"/>
        <line num="50" count="0" type="stmt"/>
        <line num="57" count="0" type="stmt"/>
        <line num="58" count="0" type="stmt"/>
        <line num="59" count="0" type="stmt"/>
        <line num="61" count="0" type="stmt"/>
        <line num="62" count="0" type="stmt"/>
        <line num="63" count="0" type="stmt"/>
        <line num="70" count="0" type="stmt"/>
        <line num="74" count="0" type="stmt"/>
        <line num="76" count="0" type="cond" truecount="0" falsecount="2"/>
        <line num="77" count="0" type="stmt"/>
        <line num="80" count="0" type="stmt"/>
        <line num="81" count="0" type="stmt"/>
        <line num="82" count="0" type="stmt"/>
        <line num="84" count="0" type="stmt"/>
        <line num="88" count="0" type="stmt"/>
      </file>
      <file name="validate.ts" path="C:\Users\USER\Documents\War\YieldVault-RWA\frontend\src\forms\validate.ts">
        <metrics statements="31" coveredstatements="1" conditionals="38" coveredconditionals="0" methods="3" coveredmethods="0"/>
        <line num="27" count="1" type="stmt"/>
        <line num="28" count="0" type="cond" truecount="0" falsecount="4"/>
        <line num="29" count="0" type="stmt"/>
        <line num="31" count="0" type="stmt"/>
        <line num="42" count="0" type="stmt"/>
        <line num="44" count="0" type="stmt"/>
        <line num="45" count="0" type="stmt"/>
        <line num="46" count="0" type="cond" truecount="0" falsecount="2"/>
        <line num="47" count="0" type="stmt"/>
        <line num="50" count="0" type="stmt"/>
        <line num="51" count="0" type="stmt"/>
        <line num="54" count="0" type="cond" truecount="0" falsecount="2"/>
        <line num="58" count="0" type="cond" truecount="0" falsecount="4"/>
        <line num="59" count="0" type="stmt"/>
        <line num="60" count="0" type="stmt"/>
        <line num="63" count="0" type="cond" truecount="0" falsecount="2"/>
        <line num="64" count="0" type="stmt"/>
        <line num="67" count="0" type="cond" truecount="0" falsecount="4"/>
        <line num="68" count="0" type="stmt"/>
        <line num="70" count="0" type="stmt"/>
        <line num="73" count="0" type="cond" truecount="0" falsecount="4"/>
        <line num="74" count="0" type="stmt"/>
        <line num="76" count="0" type="stmt"/>
        <line num="79" count="0" type="cond" truecount="0" falsecount="4"/>
        <line num="80" count="0" type="cond" truecount="0" falsecount="2"/>
        <line num="81" count="0" type="stmt"/>
        <line num="84" count="0" type="cond" truecount="0" falsecount="2"/>
        <line num="85" count="0" type="stmt"/>
        <line num="86" count="0" type="cond" truecount="0" falsecount="2"/>
        <line num="87" count="0" type="stmt"/>
        <line num="92" count="0" type="stmt"/>
      </file>
    </package>
    <package name="forms.components">
      <metrics statements="16" coveredstatements="4" conditionals="42" coveredconditionals="0" methods="5" coveredmethods="0"/>
      <file name="FormField.tsx" path="C:\Users\USER\Documents\War\YieldVault-RWA\frontend\src\forms\components\FormField.tsx">
        <metrics statements="4" coveredstatements="1" conditionals="13" coveredconditionals="0" methods="1" coveredmethods="0"/>
        <line num="10" count="1" type="stmt"/>
        <line num="19" count="0" type="cond" truecount="0" falsecount="2"/>
        <line num="20" count="0" type="stmt"/>
        <line num="22" count="0" type="stmt"/>
      </file>
      <file name="FormSelect.tsx" path="C:\Users\USER\Documents\War\YieldVault-RWA\frontend\src\forms\components\FormSelect.tsx">
        <metrics statements="5" coveredstatements="1" conditionals="12" coveredconditionals="0" methods="2" coveredmethods="0"/>
        <line num="11" count="1" type="stmt"/>
        <line num="20" count="0" type="cond" truecount="0" falsecount="2"/>
        <line num="21" count="0" type="stmt"/>
        <line num="23" count="0" type="stmt"/>
        <line num="37" count="0" type="stmt"/>
      </file>
      <file name="FormTextarea.tsx" path="C:\Users\USER\Documents\War\YieldVault-RWA\frontend\src\forms\components\FormTextarea.tsx">
        <metrics statements="4" coveredstatements="1" conditionals="12" coveredconditionals="0" methods="1" coveredmethods="0"/>
        <line num="10" count="1" type="stmt"/>
        <line num="18" count="0" type="cond" truecount="0" falsecount="2"/>
        <line num="19" count="0" type="stmt"/>
        <line num="21" count="0" type="stmt"/>
      </file>
      <file name="SubmitButton.tsx" path="C:\Users\USER\Documents\War\YieldVault-RWA\frontend\src\forms\components\SubmitButton.tsx">
        <metrics statements="3" coveredstatements="1" conditionals="5" coveredconditionals="0" methods="1" coveredmethods="0"/>
        <line num="10" count="1" type="stmt"/>
        <line num="16" count="0" type="cond" truecount="0" falsecount="2"/>
        <line num="18" count="0" type="stmt"/>
      </file>
    </package>
    <package name="hooks">
      <metrics statements="2" coveredstatements="2" conditionals="0" coveredconditionals="0" methods="2" coveredmethods="2"/>
      <file name="useVaultData.ts" path="C:\Users\USER\Documents\War\YieldVault-RWA\frontend\src\hooks\useVaultData.ts">
        <metrics statements="2" coveredstatements="2" conditionals="0" coveredconditionals="0" methods="2" coveredmethods="2"/>
        <line num="10" count="12" type="stmt"/>
        <line num="23" count="31" type="stmt"/>
      </file>
    </package>
    <package name="i18n">
      <metrics statements="27" coveredstatements="18" conditionals="13" coveredconditionals="5" methods="9" coveredmethods="6"/>
      <file name="index.ts" path="C:\Users\USER\Documents\War\YieldVault-RWA\frontend\src\i18n\index.ts">
        <metrics statements="27" coveredstatements="18" conditionals="13" coveredconditionals="5" methods="9" coveredmethods="6"/>
        <line num="10" count="1" type="stmt"/>
        <line num="15" count="1" type="stmt"/>
        <line num="17" count="1" type="stmt"/>
        <line num="20" count="0" type="stmt"/>
        <line num="24" count="1" type="stmt"/>
        <line num="25" count="1" type="stmt"/>
        <line num="26" count="1" type="stmt"/>
        <line num="27" count="2" type="cond" truecount="1" falsecount="1"/>
        <line num="32" count="0" type="stmt"/>
        <line num="34" count="2" type="stmt"/>
        <line num="36" count="1" type="stmt"/>
        <line num="59" count="1" type="stmt"/>
        <line num="60" count="1" type="cond" truecount="1" falsecount="1"/>
        <line num="61" count="1" type="stmt"/>
        <line num="63" count="0" type="stmt"/>
        <line num="64" count="0" type="cond" truecount="0" falsecount="2"/>
        <line num="65" count="0" type="stmt"/>
        <line num="67" count="0" type="stmt"/>
        <line num="71" count="3" type="stmt"/>
        <line num="75" count="0" type="cond" truecount="0" falsecount="4"/>
        <line num="76" count="0" type="stmt"/>
        <line num="77" count="0" type="stmt"/>
        <line num="82" count="1" type="stmt"/>
        <line num="83" count="1" type="stmt"/>
        <line num="84" count="1" type="stmt"/>
        <line num="93" count="1" type="stmt"/>
        <line num="94" count="1" type="stmt"/>
      </file>
    </package>
    <package name="i18n.locales">
      <metrics statements="2" coveredstatements="2" conditionals="0" coveredconditionals="0" methods="0" coveredmethods="0"/>
      <file name="en.ts" path="C:\Users\USER\Documents\War\YieldVault-RWA\frontend\src\i18n\locales\en.ts">
        <metrics statements="1" coveredstatements="1" conditionals="0" coveredconditionals="0" methods="0" coveredmethods="0"/>
        <line num="4" count="1" type="stmt"/>
      </file>
      <file name="es.ts" path="C:\Users\USER\Documents\War\YieldVault-RWA\frontend\src\i18n\locales\es.ts">
        <metrics statements="1" coveredstatements="1" conditionals="0" coveredconditionals="0" methods="0" coveredmethods="0"/>
        <line num="4" count="1" type="stmt"/>
      </file>
    </package>
    <package name="lib">
      <metrics statements="68" coveredstatements="18" conditionals="29" coveredconditionals="3" methods="21" coveredmethods="6"/>
      <file name="apiClient.ts" path="C:\Users\USER\Documents\War\YieldVault-RWA\frontend\src\lib\apiClient.ts">
        <metrics statements="4" coveredstatements="3" conditionals="0" coveredconditionals="0" methods="2" coveredmethods="1"/>
        <line num="12" count="1" type="stmt"/>
        <line num="15" count="0" type="stmt"/>
        <line num="18" count="1" type="stmt"/>
        <line num="23" count="22" type="stmt"/>
      </file>
      <file name="clipboard.ts" path="C:\Users\USER\Documents\War\YieldVault-RWA\frontend\src\lib\clipboard.ts">
        <metrics statements="21" coveredstatements="0" conditionals="10" coveredconditionals="0" methods="1" coveredmethods="0"/>
        <line num="2" count="0" type="cond" truecount="0" falsecount="4"/>
        <line num="3" count="0" type="stmt"/>
        <line num="4" count="0" type="stmt"/>
        <line num="7" count="0" type="cond" truecount="0" falsecount="2"/>
        <line num="8" count="0" type="stmt"/>
        <line num="11" count="0" type="stmt"/>
        <line num="12" count="0" type="stmt"/>
        <line num="13" count="0" type="stmt"/>
        <line num="14" count="0" type="stmt"/>
        <line num="15" count="0" type="stmt"/>
        <line num="16" count="0" type="stmt"/>
        <line num="17" count="0" type="stmt"/>
        <line num="18" count="0" type="stmt"/>
        <line num="20" count="0" type="stmt"/>
        <line num="21" count="0" type="stmt"/>
        <line num="22" count="0" type="stmt"/>
        <line num="23" count="0" type="stmt"/>
        <line num="26" count="0" type="cond" truecount="0" falsecount="2"/>
        <line num="29" count="0" type="stmt"/>
        <line num="31" count="0" type="cond" truecount="0" falsecount="2"/>
        <line num="32" count="0" type="stmt"/>
      </file>
      <file name="logger.ts" path="C:\Users\USER\Documents\War\YieldVault-RWA\frontend\src\lib\logger.ts">
        <metrics statements="22" coveredstatements="3" conditionals="8" coveredconditionals="0" methods="5" coveredmethods="0"/>
        <line num="24" count="1" type="stmt"/>
        <line num="31" count="1" type="stmt"/>
        <line num="33" count="0" type="stmt"/>
        <line num="36" count="1" type="stmt"/>
        <line num="39" count="0" type="stmt"/>
        <line num="47" count="0" type="cond" truecount="0" falsecount="2"/>
        <line num="48" count="0" type="stmt"/>
        <line num="51" count="0" type="stmt"/>
        <line num="58" count="0" type="cond" truecount="0" falsecount="2"/>
        <line num="60" count="0" type="stmt"/>
        <line num="61" count="0" type="stmt"/>
        <line num="63" count="0" type="stmt"/>
        <line num="74" count="0" type="stmt"/>
        <line num="75" count="0" type="cond" truecount="0" falsecount="4"/>
        <line num="77" count="0" type="stmt"/>
        <line num="83" count="0" type="stmt"/>
        <line num="86" count="0" type="stmt"/>
        <line num="92" count="0" type="stmt"/>
        <line num="95" count="0" type="stmt"/>
        <line num="103" count="0" type="stmt"/>
        <line num="106" count="0" type="stmt"/>
        <line num="115" count="0" type="stmt"/>
      </file>
      <file name="queryClient.ts" path="C:\Users\USER\Documents\War\YieldVault-RWA\frontend\src\lib\queryClient.ts">
        <metrics statements="7" coveredstatements="4" conditionals="0" coveredconditionals="0" methods="5" coveredmethods="2"/>
        <line num="14" count="1" type="stmt"/>
        <line num="36" count="1" type="stmt"/>
        <line num="39" count="12" type="stmt"/>
        <line num="40" count="31" type="stmt"/>
        <line num="45" count="0" type="stmt"/>
        <line num="50" count="0" type="stmt"/>
        <line num="55" count="0" type="stmt"/>
      </file>
      <file name="vaultApi.ts" path="C:\Users\USER\Documents\War\YieldVault-RWA\frontend\src\lib\vaultApi.ts">
        <metrics statements="14" coveredstatements="8" conditionals="11" coveredconditionals="3" methods="8" coveredmethods="3"/>
        <line num="35" count="10" type="stmt"/>
        <line num="40" count="0" type="cond" truecount="0" falsecount="4"/>
        <line num="49" count="1" type="stmt"/>
        <line num="81" count="11" type="stmt"/>
        <line num="85" count="11" type="cond" truecount="1" falsecount="1"/>
        <line num="86" count="11" type="stmt"/>
        <line num="87" count="11" type="stmt"/>
        <line num="88" count="10" type="cond" truecount="1" falsecount="1"/>
        <line num="89" count="0" type="stmt"/>
        <line num="94" count="11" type="stmt"/>
        <line num="98" count="0" type="stmt"/>
        <line num="100" count="0" type="stmt"/>
        <line num="104" count="0" type="stmt"/>
        <line num="106" count="0" type="stmt"/>
      </file>
    </package>
    <package name="lib.api">
      <metrics statements="199" coveredstatements="125" conditionals="124" coveredconditionals="52" methods="51" coveredmethods="29"/>
      <file name="client.ts" path="C:\Users\USER\Documents\War\YieldVault-RWA\frontend\src\lib\api\client.ts">
        <metrics statements="95" coveredstatements="68" conditionals="70" coveredconditionals="37" methods="24" coveredmethods="15"/>
        <line num="57" count="1" type="stmt"/>
        <line num="64" count="34" type="cond" truecount="1" falsecount="1"/>
        <line num="65" count="0" type="stmt"/>
        <line num="68" count="34" type="cond" truecount="1" falsecount="1"/>
        <line num="69" count="34" type="cond" truecount="1" falsecount="1"/>
        <line num="70" count="34" type="stmt"/>
        <line num="73" count="0" type="stmt"/>
        <line num="77" count="22" type="cond" truecount="2" falsecount="0"/>
        <line num="79" count="22" type="cond" truecount="1" falsecount="1"/>
        <line num="80" count="0" type="stmt"/>
        <line num="81" count="0" type="cond" truecount="0" falsecount="4"/>
        <line num="82" count="0" type="stmt"/>
        <line num="85" count="0" type="stmt"/>
        <line num="89" count="22" type="stmt"/>
        <line num="93" count="0" type="cond" truecount="0" falsecount="5"/>
        <line num="101" count="22" type="cond" truecount="1" falsecount="1"/>
        <line num="102" count="22" type="stmt"/>
        <line num="104" count="22" type="stmt"/>
        <line num="105" count="0" type="stmt"/>
        <line num="108" count="22" type="stmt"/>
        <line num="109" count="22" type="cond" truecount="2" falsecount="2"/>
        <line num="110" count="22" type="stmt"/>
        <line num="111" count="0" type="cond" truecount="0" falsecount="2"/>
        <line num="112" count="0" type="stmt"/>
        <line num="113" count="0" type="stmt"/>
        <line num="115" count="0" type="stmt"/>
        <line num="118" count="22" type="stmt"/>
        <line num="128" count="60" type="cond" truecount="1" falsecount="1"/>
        <line num="129" count="0" type="stmt"/>
        <line num="132" count="60" type="stmt"/>
        <line num="140" count="36" type="stmt"/>
        <line num="141" count="36" type="cond" truecount="1" falsecount="1"/>
        <line num="142" count="0" type="stmt"/>
        <line num="145" count="36" type="cond" truecount="1" falsecount="1"/>
        <line num="146" count="36" type="cond" truecount="1" falsecount="1"/>
        <line num="147" count="0" type="stmt"/>
        <line num="150" count="36" type="cond" truecount="2" falsecount="0"/>
        <line num="154" count="24" type="cond" truecount="1" falsecount="1"/>
        <line num="155" count="24" type="stmt"/>
        <line num="156" count="24" type="stmt"/>
        <line num="157" count="24" type="stmt"/>
        <line num="161" count="24" type="stmt"/>
        <line num="169" count="36" type="stmt"/>
        <line num="179" count="1" type="stmt"/>
        <line num="180" count="1" type="stmt"/>
        <line num="181" count="1" type="stmt"/>
        <line num="184" count="1" type="stmt"/>
        <line num="185" count="1" type="cond" truecount="1" falsecount="1"/>
        <line num="186" count="1" type="stmt"/>
        <line num="187" count="1" type="stmt"/>
        <line num="191" count="1" type="stmt"/>
        <line num="192" count="1" type="stmt"/>
        <line num="193" count="0" type="stmt"/>
        <line num="194" count="0" type="stmt"/>
        <line num="199" count="1" type="stmt"/>
        <line num="200" count="1" type="stmt"/>
        <line num="201" count="0" type="stmt"/>
        <line num="202" count="0" type="stmt"/>
        <line num="207" count="0" type="stmt"/>
        <line num="208" count="0" type="stmt"/>
        <line num="209" count="0" type="stmt"/>
        <line num="210" count="0" type="stmt"/>
        <line num="215" count="22" type="stmt"/>
        <line num="217" count="22" type="stmt"/>
        <line num="218" count="22" type="stmt"/>
        <line num="221" count="22" type="stmt"/>
        <line num="223" count="22" type="stmt"/>
        <line num="224" count="46" type="stmt"/>
        <line num="225" count="46" type="stmt"/>
        <line num="227" count="46" type="stmt"/>
        <line num="235" count="46" type="stmt"/>
        <line num="236" count="46" type="stmt"/>
        <line num="237" count="34" type="stmt"/>
        <line num="239" count="34" type="cond" truecount="1" falsecount="1"/>
        <line num="240" count="0" type="stmt"/>
        <line num="241" count="0" type="stmt"/>
        <line num="249" count="34" type="stmt"/>
        <line num="255" count="10" type="stmt"/>
        <line num="256" count="10" type="stmt"/>
        <line num="259" count="10" type="stmt"/>
        <line num="269" count="46" type="stmt"/>
        <line num="271" count="36" type="stmt"/>
        <line num="273" count="36" type="stmt"/>
        <line num="274" count="0" type="stmt"/>
        <line num="277" count="36" type="stmt"/>
        <line num="279" count="36" type="cond" truecount="2" falsecount="0"/>
        <line num="280" count="24" type="stmt"/>
        <line num="281" count="24" type="stmt"/>
        <line num="290" count="24" type="stmt"/>
        <line num="291" count="24" type="stmt"/>
        <line num="294" count="12" type="stmt"/>
        <line num="304" count="36" type="stmt"/>
        <line num="310" count="22" type="stmt"/>
        <line num="314" count="0" type="stmt"/>
        <line num="319" count="1" type="stmt"/>
      </file>
      <file name="correlationInterceptors.ts" path="C:\Users\USER\Documents\War\YieldVault-RWA\frontend\src\lib\api\correlationInterceptors.ts">
        <metrics statements="18" coveredstatements="12" conditionals="6" coveredconditionals="4" methods="5" coveredmethods="5"/>
        <line num="14" count="1" type="stmt"/>
        <line num="22" count="22" type="cond" truecount="3" falsecount="1"/>
        <line num="23" count="22" type="stmt"/>
        <line num="26" count="0" type="stmt"/>
        <line num="27" count="0" type="stmt"/>
        <line num="30" count="0" type="stmt"/>
        <line num="40" count="1" type="stmt"/>
        <line num="41" count="22" type="stmt"/>
        <line num="42" count="22" type="stmt"/>
        <line num="43" count="22" type="stmt"/>
        <line num="44" count="22" type="stmt"/>
        <line num="53" count="1" type="stmt"/>
        <line num="54" count="10" type="stmt"/>
        <line num="55" count="10" type="cond" truecount="1" falsecount="1"/>
        <line num="56" count="10" type="stmt"/>
        <line num="61" count="0" type="stmt"/>
        <line num="62" count="0" type="stmt"/>
        <line num="64" count="0" type="stmt"/>
      </file>
      <file name="error.ts" path="C:\Users\USER\Documents\War\YieldVault-RWA\frontend\src\lib\api\error.ts">
        <metrics statements="34" coveredstatements="23" conditionals="25" coveredconditionals="7" methods="4" coveredmethods="3"/>
        <line num="39" count="36" type="stmt"/>
        <line num="40" count="36" type="stmt"/>
        <line num="41" count="36" type="stmt"/>
        <line num="42" count="36" type="stmt"/>
        <line num="43" count="36" type="stmt"/>
        <line num="44" count="36" type="stmt"/>
        <line num="45" count="36" type="stmt"/>
        <line num="46" count="36" type="stmt"/>
        <line num="47" count="36" type="stmt"/>
        <line num="48" count="36" type="stmt"/>
        <line num="49" count="36" type="stmt"/>
        <line num="50" count="36" type="stmt"/>
        <line num="51" count="36" type="stmt"/>
        <line num="66" count="1" type="stmt"/>
        <line num="68" count="1" type="stmt"/>
        <line num="69" count="1" type="stmt"/>
        <line num="72" count="37" type="stmt"/>
        <line num="76" count="0" type="cond" truecount="0" falsecount="2"/>
        <line num="83" count="37" type="cond" truecount="2" falsecount="0"/>
        <line num="84" count="1" type="stmt"/>
        <line num="87" count="36" type="stmt"/>
        <line num="95" count="36" type="cond" truecount="2" falsecount="2"/>
        <line num="96" count="0" type="stmt"/>
        <line num="106" count="36" type="cond" truecount="1" falsecount="1"/>
        <line num="107" count="36" type="stmt"/>
        <line num="118" count="0" type="cond" truecount="0" falsecount="2"/>
        <line num="119" count="0" type="stmt"/>
        <line num="130" count="0" type="cond" truecount="0" falsecount="4"/>
        <line num="131" count="0" type="stmt"/>
        <line num="144" count="0" type="cond" truecount="0" falsecount="2"/>
        <line num="145" count="0" type="stmt"/>
        <line num="160" count="0" type="cond" truecount="0" falsecount="2"/>
        <line num="161" count="0" type="stmt"/>
        <line num="171" count="0" type="stmt"/>
      </file>
      <file name="index.ts" path="C:\Users\USER\Documents\War\YieldVault-RWA\frontend\src\lib\api\index.ts">
        <metrics statements="0" coveredstatements="0" conditionals="0" coveredconditionals="0" methods="0" coveredmethods="0"/>
      </file>
      <file name="schemas.ts" path="C:\Users\USER\Documents\War\YieldVault-RWA\frontend\src\lib\api\schemas.ts">
        <metrics statements="16" coveredstatements="13" conditionals="4" coveredconditionals="2" methods="3" coveredmethods="1"/>
        <line num="22" count="1" type="stmt"/>
        <line num="33" count="1" type="stmt"/>
        <line num="39" count="0" type="stmt"/>
        <line num="44" count="1" type="stmt"/>
        <line num="51" count="1" type="stmt"/>
        <line num="52" count="0" type="stmt"/>
        <line num="56" count="1" type="stmt"/>
        <line num="69" count="1" type="stmt"/>
        <line num="91" count="1" type="stmt"/>
        <line num="114" count="1" type="stmt"/>
        <line num="126" count="11" type="cond" truecount="2" falsecount="2"/>
        <line num="127" count="0" type="stmt"/>
        <line num="129" count="11" type="stmt"/>
        <line num="143" count="1" type="stmt"/>
        <line num="157" count="1" type="stmt"/>
        <line num="170" count="1" type="stmt"/>
      </file>
      <file name="telemetry.ts" path="C:\Users\USER\Documents\War\YieldVault-RWA\frontend\src\lib\api\telemetry.ts">
        <metrics statements="5" coveredstatements="5" conditionals="0" coveredconditionals="0" methods="4" coveredmethods="4"/>
        <line num="41" count="1" type="stmt"/>
        <line num="44" count="92" type="stmt"/>
        <line num="48" count="11" type="stmt"/>
        <line num="49" count="11" type="stmt"/>
        <line num="50" count="11" type="stmt"/>
      </file>
      <file name="useApiTelemetry.ts" path="C:\Users\USER\Documents\War\YieldVault-RWA\frontend\src\lib\api\useApiTelemetry.ts">
        <metrics statements="2" coveredstatements="0" conditionals="0" coveredconditionals="0" methods="2" coveredmethods="0"/>
        <line num="8" count="0" type="stmt"/>
        <line num="9" count="0" type="stmt"/>
      </file>
      <file name="validation.ts" path="C:\Users\USER\Documents\War\YieldVault-RWA\frontend\src\lib\api\validation.ts">
        <metrics statements="29" coveredstatements="4" conditionals="19" coveredconditionals="2" methods="9" coveredmethods="1"/>
        <line num="40" count="0" type="stmt"/>
        <line num="45" count="0" type="stmt"/>
        <line num="46" count="0" type="stmt"/>
        <line num="47" count="0" type="stmt"/>
        <line num="48" count="0" type="stmt"/>
        <line num="53" count="0" type="stmt"/>
        <line num="63" count="0" type="stmt"/>
        <line num="85" count="11" type="stmt"/>
        <line num="86" count="11" type="cond" truecount="1" falsecount="1"/>
        <line num="87" count="11" type="stmt"/>
        <line num="91" count="0" type="stmt"/>
        <line num="93" count="0" type="stmt"/>
        <line num="99" count="0" type="cond" truecount="0" falsecount="2"/>
        <line num="100" count="11" type="stmt"/>
        <line num="115" count="0" type="stmt"/>
        <line num="123" count="0" type="cond" truecount="0" falsecount="2"/>
        <line num="124" count="0" type="stmt"/>
        <line num="125" count="0" type="stmt"/>
        <line num="127" count="0" type="stmt"/>
        <line num="129" count="0" type="stmt"/>
        <line num="131" count="0" type="cond" truecount="0" falsecount="2"/>
        <line num="132" count="0" type="stmt"/>
        <line num="141" count="0" type="stmt"/>
        <line num="142" count="0" type="stmt"/>
        <line num="143" count="0" type="cond" truecount="0" falsecount="2"/>
        <line num="144" count="0" type="cond" truecount="0" falsecount="2"/>
        <line num="149" count="0" type="stmt"/>
        <line num="151" count="0" type="stmt"/>
        <line num="153" count="0" type="stmt"/>
      </file>
    </package>
  </project>
</coverage>
