{"C:\\Users\\USER\\Documents\\War\\YieldVault-RWA\\frontend\\src\\components\\ApiStatusBanner.tsx": {"path":"C:\\Users\\USER\\Documents\\War\\YieldVault-RWA\\frontend\\src\\components\\ApiStatusBanner.tsx","statementMap":{"0":{"start":{"line":9,"column":50},"end":{"line":30,"column":null}},"1":{"start":{"line":10,"column":12},"end":{"line":10,"column":null}},"2":{"start":{"line":11,"column":2},"end":{"line":28,"column":null}}},"fnMap":{"0":{"name":"(anonymous_0)","decl":{"start":{"line":9,"column":50},"end":{"line":9,"column":51}},"loc":{"start":{"line":9,"column":65},"end":{"line":30,"column":null}},"line":9}},"branchMap":{},"s":{"0":1,"1":1,"2":1},"f":{"0":1},"b":{},"meta":{"lastBranch":0,"lastFunction":1,"lastStatement":3,"seen":{"s:9:50:30:Infinity":0,"f:9:50:9:51":0,"s:10:12:10:Infinity":1,"s:11:2:28:Infinity":2}}}
,"C:\\Users\\USER\\Documents\\War\\YieldVault-RWA\\frontend\\src\\components\\CopyButton.tsx": {"path":"C:\\Users\\USER\\Documents\\War\\YieldVault-RWA\\frontend\\src\\components\\CopyButton.tsx","statementMap":{"0":{"start":{"line":17,"column":25},"end":{"line":17,"column":null}},"1":{"start":{"line":20,"column":2},"end":{"line":20,"column":null}},"2":{"start":{"line":23,"column":46},"end":{"line":106,"column":null}},"3":{"start":{"line":31,"column":8},"end":{"line":31,"column":null}},"4":{"start":{"line":32,"column":26},"end":{"line":32,"column":null}},"5":{"start":{"line":33,"column":8},"end":{"line":33,"column":null}},"6":{"start":{"line":35,"column":2},"end":{"line":41,"column":null}},"7":{"start":{"line":36,"column":4},"end":{"line":40,"column":null}},"8":{"start":{"line":37,"column":6},"end":{"line":39,"column":null}},"9":{"start":{"line":38,"column":8},"end":{"line":38,"column":null}},"10":{"start":{"line":43,"column":23},"end":{"line":54,"column":null}},"11":{"start":{"line":44,"column":4},"end":{"line":44,"column":null}},"12":{"start":{"line":46,"column":4},"end":{"line":48,"column":null}},"13":{"start":{"line":47,"column":6},"end":{"line":47,"column":null}},"14":{"start":{"line":50,"column":4},"end":{"line":53,"column":null}},"15":{"start":{"line":51,"column":6},"end":{"line":51,"column":null}},"16":{"start":{"line":52,"column":6},"end":{"line":52,"column":null}},"17":{"start":{"line":56,"column":21},"end":{"line":75,"column":null}},"18":{"start":{"line":57,"column":4},"end":{"line":74,"column":null}},"19":{"start":{"line":58,"column":6},"end":{"line":58,"column":null}},"20":{"start":{"line":59,"column":6},"end":{"line":59,"column":null}},"21":{"start":{"line":60,"column":6},"end":{"line":64,"column":null}},"22":{"start":{"line":66,"column":6},"end":{"line":66,"column":null}},"23":{"start":{"line":67,"column":6},"end":{"line":67,"column":null}},"24":{"start":{"line":68,"column":6},"end":{"line":73,"column":null}},"25":{"start":{"line":78,"column":4},"end":{"line":78,"column":null}},"26":{"start":{"line":80,"column":2},"end":{"line":104,"column":null}}},"fnMap":{"0":{"name":"toSentenceCase","decl":{"start":{"line":19,"column":9},"end":{"line":19,"column":24}},"loc":{"start":{"line":19,"column":39},"end":{"line":21,"column":null}},"line":19},"1":{"name":"(anonymous_1)","decl":{"start":{"line":23,"column":46},"end":{"line":23,"column":47}},"loc":{"start":{"line":30,"column":6},"end":{"line":106,"column":null}},"line":30},"2":{"name":"(anonymous_2)","decl":{"start":{"line":35,"column":12},"end":{"line":35,"column":18}},"loc":{"start":{"line":35,"column":18},"end":{"line":41,"column":5}},"line":35},"3":{"name":"(anonymous_3)","decl":{"start":{"line":36,"column":11},"end":{"line":36,"column":17}},"loc":{"start":{"line":36,"column":17},"end":{"line":40,"column":null}},"line":36},"4":{"name":"(anonymous_4)","decl":{"start":{"line":43,"column":23},"end":{"line":43,"column":24}},"loc":{"start":{"line":43,"column":68},"end":{"line":54,"column":null}},"line":43},"5":{"name":"(anonymous_5)","decl":{"start":{"line":50,"column":43},"end":{"line":50,"column":49}},"loc":{"start":{"line":50,"column":49},"end":{"line":53,"column":7}},"line":50},"6":{"name":"(anonymous_6)","decl":{"start":{"line":56,"column":21},"end":{"line":56,"column":33}},"loc":{"start":{"line":56,"column":33},"end":{"line":75,"column":null}},"line":56}},"branchMap":{"0":{"loc":{"start":{"line":37,"column":6},"end":{"line":39,"column":null}},"type":"if","locations":[{"start":{"line":37,"column":6},"end":{"line":39,"column":null}},{"start":{},"end":{}}],"line":37},"1":{"loc":{"start":{"line":46,"column":4},"end":{"line":48,"column":null}},"type":"if","locations":[{"start":{"line":46,"column":4},"end":{"line":48,"column":null}},{"start":{},"end":{}}],"line":46},"2":{"loc":{"start":{"line":61,"column":15},"end":{"line":61,"column":null}},"type":"binary-expr","locations":[{"start":{"line":61,"column":15},"end":{"line":61,"column":31}},{"start":{"line":61,"column":31},"end":{"line":61,"column":null}}],"line":61},"3":{"loc":{"start":{"line":63,"column":10},"end":{"line":63,"column":null}},"type":"binary-expr","locations":[{"start":{"line":63,"column":10},"end":{"line":63,"column":32}},{"start":{"line":63,"column":32},"end":{"line":63,"column":null}}],"line":63},"4":{"loc":{"start":{"line":69,"column":15},"end":{"line":69,"column":null}},"type":"binary-expr","locations":[{"start":{"line":69,"column":15},"end":{"line":69,"column":29}},{"start":{"line":69,"column":29},"end":{"line":69,"column":null}}],"line":69},"5":{"loc":{"start":{"line":71,"column":10},"end":{"line":72,"column":null}},"type":"binary-expr","locations":[{"start":{"line":71,"column":10},"end":{"line":71,"column":null}},{"start":{"line":72,"column":10},"end":{"line":72,"column":null}}],"line":71},"6":{"loc":{"start":{"line":78,"column":4},"end":{"line":78,"column":null}},"type":"cond-expr","locations":[{"start":{"line":78,"column":27},"end":{"line":78,"column":38}},{"start":{"line":78,"column":38},"end":{"line":78,"column":null}}],"line":78},"7":{"loc":{"start":{"line":78,"column":38},"end":{"line":78,"column":null}},"type":"cond-expr","locations":[{"start":{"line":78,"column":59},"end":{"line":78,"column":75}},{"start":{"line":78,"column":75},"end":{"line":78,"column":null}}],"line":78},"8":{"loc":{"start":{"line":89,"column":9},"end":{"line":94,"column":null}},"type":"cond-expr","locations":[{"start":{"line":90,"column":10},"end":{"line":90,"column":null}},{"start":{"line":91,"column":12},"end":{"line":94,"column":null}}],"line":89},"9":{"loc":{"start":{"line":91,"column":12},"end":{"line":94,"column":null}},"type":"cond-expr","locations":[{"start":{"line":92,"column":10},"end":{"line":92,"column":null}},{"start":{"line":94,"column":10},"end":{"line":94,"column":null}}],"line":91},"10":{"loc":{"start":{"line":98,"column":36},"end":{"line":98,"column":73}},"type":"cond-expr","locations":[{"start":{"line":98,"column":56},"end":{"line":98,"column":61}},{"start":{"line":98,"column":61},"end":{"line":98,"column":73}}],"line":98}},"s":{"0":1,"1":0,"2":1,"3":29,"4":29,"5":29,"6":29,"7":11,"8":11,"9":0,"10":29,"11":0,"12":0,"13":0,"14":0,"15":0,"16":0,"17":29,"18":0,"19":0,"20":0,"21":0,"22":0,"23":0,"24":0,"25":29,"26":29},"f":{"0":0,"1":29,"2":11,"3":11,"4":0,"5":0,"6":0},"b":{"0":[0,11],"1":[0,0],"2":[0,0],"3":[0,0],"4":[0,0],"5":[0,0],"6":[0,29],"7":[0,29],"8":[0,29],"9":[0,29],"10":[29,0]},"meta":{"lastBranch":11,"lastFunction":7,"lastStatement":27,"seen":{"s:17:25:17:Infinity":0,"f:19:9:19:24":0,"s:20:2:20:Infinity":1,"s:23:46:106:Infinity":2,"f:23:46:23:47":1,"s:31:8:31:Infinity":3,"s:32:26:32:Infinity":4,"s:33:8:33:Infinity":5,"s:35:2:41:Infinity":6,"f:35:12:35:18":2,"s:36:4:40:Infinity":7,"f:36:11:36:17":3,"b:37:6:39:Infinity:undefined:undefined:undefined:undefined":0,"s:37:6:39:Infinity":8,"s:38:8:38:Infinity":9,"s:43:23:54:Infinity":10,"f:43:23:43:24":4,"s:44:4:44:Infinity":11,"b:46:4:48:Infinity:undefined:undefined:undefined:undefined":1,"s:46:4:48:Infinity":12,"s:47:6:47:Infinity":13,"s:50:4:53:Infinity":14,"f:50:43:50:49":5,"s:51:6:51:Infinity":15,"s:52:6:52:Infinity":16,"s:56:21:75:Infinity":17,"f:56:21:56:33":6,"s:57:4:74:Infinity":18,"s:58:6:58:Infinity":19,"s:59:6:59:Infinity":20,"s:60:6:64:Infinity":21,"b:61:15:61:31:61:31:61:Infinity":2,"b:63:10:63:32:63:32:63:Infinity":3,"s:66:6:66:Infinity":22,"s:67:6:67:Infinity":23,"s:68:6:73:Infinity":24,"b:69:15:69:29:69:29:69:Infinity":4,"b:71:10:71:Infinity:72:10:72:Infinity":5,"s:78:4:78:Infinity":25,"b:78:27:78:38:78:38:78:Infinity":6,"b:78:59:78:75:78:75:78:Infinity":7,"s:80:2:104:Infinity":26,"b:90:10:90:Infinity:91:12:94:Infinity":8,"b:92:10:92:Infinity:94:10:94:Infinity":9,"b:98:56:98:61:98:61:98:73":10}}}
,"C:\\Users\\USER\\Documents\\War\\YieldVault-RWA\\frontend\\src\\components\\Tabs.css": {"path":"C:\\Users\\USER\\Documents\\War\\YieldVault-RWA\\frontend\\src\\components\\Tabs.css","statementMap":{},"fnMap":{},"branchMap":{},"s":{},"f":{},"b":{},"meta":{"lastBranch":0,"lastFunction":0,"lastStatement":0,"seen":{}}}
,"C:\\Users\\USER\\Documents\\War\\YieldVault-RWA\\frontend\\src\\components\\Tabs.tsx": {"path":"C:\\Users\\USER\\Documents\\War\\YieldVault-RWA\\frontend\\src\\components\\Tabs.tsx","statementMap":{"0":{"start":{"line":11,"column":6},"end":{"line":11,"column":null}},"1":{"start":{"line":14,"column":8},"end":{"line":14,"column":null}},"2":{"start":{"line":15,"column":2},"end":{"line":17,"column":null}},"3":{"start":{"line":16,"column":4},"end":{"line":16,"column":null}},"4":{"start":{"line":18,"column":2},"end":{"line":18,"column":null}},"5":{"start":{"line":39,"column":38},"end":{"line":39,"column":null}},"6":{"start":{"line":40,"column":40},"end":{"line":40,"column":null}},"7":{"start":{"line":42,"column":19},"end":{"line":42,"column":null}},"8":{"start":{"line":43,"column":22},"end":{"line":45,"column":null}},"9":{"start":{"line":47,"column":2},"end":{"line":58,"column":null}},"10":{"start":{"line":48,"column":4},"end":{"line":57,"column":null}},"11":{"start":{"line":49,"column":6},"end":{"line":56,"column":null}},"12":{"start":{"line":51,"column":28},"end":{"line":51,"column":null}},"13":{"start":{"line":52,"column":10},"end":{"line":52,"column":null}},"14":{"start":{"line":53,"column":10},"end":{"line":53,"column":null}},"15":{"start":{"line":60,"column":28},"end":{"line":77,"column":null}},"16":{"start":{"line":61,"column":4},"end":{"line":63,"column":null}},"17":{"start":{"line":62,"column":6},"end":{"line":62,"column":null}},"18":{"start":{"line":65,"column":4},"end":{"line":72,"column":null}},"19":{"start":{"line":67,"column":26},"end":{"line":67,"column":null}},"20":{"start":{"line":68,"column":8},"end":{"line":68,"column":null}},"21":{"start":{"line":69,"column":8},"end":{"line":69,"column":null}},"22":{"start":{"line":74,"column":4},"end":{"line":76,"column":null}},"23":{"start":{"line":75,"column":6},"end":{"line":75,"column":null}},"24":{"start":{"line":79,"column":2},"end":{"line":84,"column":null}},"25":{"start":{"line":95,"column":40},"end":{"line":95,"column":null}},"26":{"start":{"line":97,"column":22},"end":{"line":97,"column":null}},"27":{"start":{"line":99,"column":28},"end":{"line":106,"column":null}},"28":{"start":{"line":100,"column":4},"end":{"line":102,"column":null}},"29":{"start":{"line":101,"column":6},"end":{"line":101,"column":null}},"30":{"start":{"line":103,"column":4},"end":{"line":105,"column":null}},"31":{"start":{"line":104,"column":6},"end":{"line":104,"column":null}},"32":{"start":{"line":108,"column":2},"end":{"line":113,"column":null}},"33":{"start":{"line":118,"column":2},"end":{"line":120,"column":null}},"34":{"start":{"line":119,"column":4},"end":{"line":119,"column":null}},"35":{"start":{"line":121,"column":2},"end":{"line":121,"column":null}},"36":{"start":{"line":125,"column":2},"end":{"line":128,"column":null}},"37":{"start":{"line":133,"column":48},"end":{"line":133,"column":null}},"38":{"start":{"line":134,"column":19},"end":{"line":134,"column":null}},"39":{"start":{"line":136,"column":24},"end":{"line":160,"column":null}},"40":{"start":{"line":137,"column":19},"end":{"line":137,"column":null}},"41":{"start":{"line":138,"column":4},"end":{"line":138,"column":null}},"42":{"start":{"line":138,"column":17},"end":{"line":138,"column":null}},"43":{"start":{"line":140,"column":17},"end":{"line":140,"column":null}},"44":{"start":{"line":141,"column":18},"end":{"line":141,"column":null}},"45":{"start":{"line":142,"column":4},"end":{"line":142,"column":null}},"46":{"start":{"line":142,"column":22},"end":{"line":142,"column":null}},"47":{"start":{"line":144,"column":20},"end":{"line":144,"column":null}},"48":{"start":{"line":145,"column":4},"end":{"line":155,"column":null}},"49":{"start":{"line":146,"column":6},"end":{"line":146,"column":null}},"50":{"start":{"line":147,"column":4},"end":{"line":155,"column":null}},"51":{"start":{"line":148,"column":6},"end":{"line":148,"column":null}},"52":{"start":{"line":149,"column":4},"end":{"line":155,"column":null}},"53":{"start":{"line":150,"column":6},"end":{"line":150,"column":null}},"54":{"start":{"line":151,"column":4},"end":{"line":155,"column":null}},"55":{"start":{"line":152,"column":6},"end":{"line":152,"column":null}},"56":{"start":{"line":154,"column":6},"end":{"line":154,"column":null}},"57":{"start":{"line":157,"column":4},"end":{"line":157,"column":null}},"58":{"start":{"line":158,"column":4},"end":{"line":158,"column":null}},"59":{"start":{"line":159,"column":4},"end":{"line":159,"column":null}},"60":{"start":{"line":162,"column":2},"end":{"line":176,"column":null}},"61":{"start":{"line":172,"column":21},"end":{"line":172,"column":null}},"62":{"start":{"line":181,"column":33},"end":{"line":181,"column":null}},"63":{"start":{"line":182,"column":19},"end":{"line":182,"column":null}},"64":{"start":{"line":184,"column":2},"end":{"line":184,"column":null}},"65":{"start":{"line":184,"column":17},"end":{"line":184,"column":null}},"66":{"start":{"line":186,"column":2},"end":{"line":196,"column":null}}},"fnMap":{"0":{"name":"useTabs","decl":{"start":{"line":13,"column":9},"end":{"line":13,"column":19}},"loc":{"start":{"line":13,"column":19},"end":{"line":19,"column":null}},"line":13},"1":{"name":"TabsWithUrl","decl":{"start":{"line":31,"column":9},"end":{"line":31,"column":21}},"loc":{"start":{"line":38,"column":35},"end":{"line":86,"column":null}},"line":38},"2":{"name":"(anonymous_2)","decl":{"start":{"line":47,"column":12},"end":{"line":47,"column":18}},"loc":{"start":{"line":47,"column":18},"end":{"line":58,"column":5}},"line":47},"3":{"name":"(anonymous_3)","decl":{"start":{"line":50,"column":8},"end":{"line":50,"column":9}},"loc":{"start":{"line":50,"column":18},"end":{"line":54,"column":null}},"line":50},"4":{"name":"(anonymous_4)","decl":{"start":{"line":60,"column":28},"end":{"line":60,"column":29}},"loc":{"start":{"line":60,"column":50},"end":{"line":77,"column":null}},"line":60},"5":{"name":"(anonymous_5)","decl":{"start":{"line":66,"column":6},"end":{"line":66,"column":7}},"loc":{"start":{"line":66,"column":16},"end":{"line":70,"column":null}},"line":66},"6":{"name":"TabsWithoutUrl","decl":{"start":{"line":88,"column":9},"end":{"line":88,"column":24}},"loc":{"start":{"line":94,"column":48},"end":{"line":115,"column":null}},"line":94},"7":{"name":"(anonymous_7)","decl":{"start":{"line":99,"column":28},"end":{"line":99,"column":29}},"loc":{"start":{"line":99,"column":50},"end":{"line":106,"column":null}},"line":99},"8":{"name":"Tabs","decl":{"start":{"line":117,"column":16},"end":{"line":117,"column":21}},"loc":{"start":{"line":117,"column":67},"end":{"line":122,"column":null}},"line":117},"9":{"name":"TabsList","decl":{"start":{"line":124,"column":16},"end":{"line":124,"column":25}},"loc":{"start":{"line":124,"column":136},"end":{"line":130,"column":null}},"line":124},"10":{"name":"TabsTrigger","decl":{"start":{"line":132,"column":16},"end":{"line":132,"column":28}},"loc":{"start":{"line":132,"column":125},"end":{"line":178,"column":null}},"line":132},"11":{"name":"(anonymous_11)","decl":{"start":{"line":136,"column":24},"end":{"line":136,"column":25}},"loc":{"start":{"line":136,"column":65},"end":{"line":160,"column":null}},"line":136},"12":{"name":"(anonymous_12)","decl":{"start":{"line":172,"column":15},"end":{"line":172,"column":21}},"loc":{"start":{"line":172,"column":21},"end":{"line":172,"column":null}},"line":172},"13":{"name":"TabsContent","decl":{"start":{"line":180,"column":16},"end":{"line":180,"column":28}},"loc":{"start":{"line":180,"column":125},"end":{"line":198,"column":null}},"line":180}},"branchMap":{"0":{"loc":{"start":{"line":15,"column":2},"end":{"line":17,"column":null}},"type":"if","locations":[{"start":{"line":15,"column":2},"end":{"line":17,"column":null}},{"start":{},"end":{}}],"line":15},"1":{"loc":{"start":{"line":35,"column":2},"end":{"line":35,"column":null}},"type":"default-arg","locations":[{"start":{"line":35,"column":13},"end":{"line":35,"column":null}}],"line":35},"2":{"loc":{"start":{"line":37,"column":2},"end":{"line":37,"column":null}},"type":"default-arg","locations":[{"start":{"line":37,"column":14},"end":{"line":37,"column":null}}],"line":37},"3":{"loc":{"start":{"line":40,"column":53},"end":{"line":40,"column":71}},"type":"binary-expr","locations":[{"start":{"line":40,"column":53},"end":{"line":40,"column":69}},{"start":{"line":40,"column":69},"end":{"line":40,"column":71}}],"line":40},"4":{"loc":{"start":{"line":43,"column":22},"end":{"line":45,"column":null}},"type":"cond-expr","locations":[{"start":{"line":44,"column":6},"end":{"line":44,"column":null}},{"start":{"line":45,"column":7},"end":{"line":45,"column":null}}],"line":43},"5":{"loc":{"start":{"line":45,"column":7},"end":{"line":45,"column":null}},"type":"binary-expr","locations":[{"start":{"line":45,"column":7},"end":{"line":45,"column":19}},{"start":{"line":45,"column":19},"end":{"line":45,"column":null}}],"line":45},"6":{"loc":{"start":{"line":48,"column":4},"end":{"line":57,"column":null}},"type":"if","locations":[{"start":{"line":48,"column":4},"end":{"line":57,"column":null}},{"start":{},"end":{}}],"line":48},"7":{"loc":{"start":{"line":48,"column":8},"end":{"line":48,"column":35}},"type":"binary-expr","locations":[{"start":{"line":48,"column":8},"end":{"line":48,"column":21}},{"start":{"line":48,"column":21},"end":{"line":48,"column":35}}],"line":48},"8":{"loc":{"start":{"line":61,"column":4},"end":{"line":63,"column":null}},"type":"if","locations":[{"start":{"line":61,"column":4},"end":{"line":63,"column":null}},{"start":{},"end":{}}],"line":61},"9":{"loc":{"start":{"line":74,"column":4},"end":{"line":76,"column":null}},"type":"if","locations":[{"start":{"line":74,"column":4},"end":{"line":76,"column":null}},{"start":{},"end":{}}],"line":74},"10":{"loc":{"start":{"line":93,"column":2},"end":{"line":93,"column":null}},"type":"default-arg","locations":[{"start":{"line":93,"column":14},"end":{"line":93,"column":null}}],"line":93},"11":{"loc":{"start":{"line":95,"column":53},"end":{"line":95,"column":71}},"type":"binary-expr","locations":[{"start":{"line":95,"column":53},"end":{"line":95,"column":69}},{"start":{"line":95,"column":69},"end":{"line":95,"column":71}}],"line":95},"12":{"loc":{"start":{"line":97,"column":22},"end":{"line":97,"column":null}},"type":"cond-expr","locations":[{"start":{"line":97,"column":54},"end":{"line":97,"column":72}},{"start":{"line":97,"column":72},"end":{"line":97,"column":null}}],"line":97},"13":{"loc":{"start":{"line":100,"column":4},"end":{"line":102,"column":null}},"type":"if","locations":[{"start":{"line":100,"column":4},"end":{"line":102,"column":null}},{"start":{},"end":{}}],"line":100},"14":{"loc":{"start":{"line":103,"column":4},"end":{"line":105,"column":null}},"type":"if","locations":[{"start":{"line":103,"column":4},"end":{"line":105,"column":null}},{"start":{},"end":{}}],"line":103},"15":{"loc":{"start":{"line":117,"column":23},"end":{"line":117,"column":44}},"type":"default-arg","locations":[{"start":{"line":117,"column":37},"end":{"line":117,"column":44}}],"line":117},"16":{"loc":{"start":{"line":118,"column":2},"end":{"line":120,"column":null}},"type":"if","locations":[{"start":{"line":118,"column":2},"end":{"line":120,"column":null}},{"start":{},"end":{}}],"line":118},"17":{"loc":{"start":{"line":124,"column":37},"end":{"line":124,"column":53}},"type":"default-arg","locations":[{"start":{"line":124,"column":49},"end":{"line":124,"column":53}}],"line":124},"18":{"loc":{"start":{"line":132,"column":47},"end":{"line":132,"column":62}},"type":"default-arg","locations":[{"start":{"line":132,"column":59},"end":{"line":132,"column":62}}],"line":132},"19":{"loc":{"start":{"line":138,"column":4},"end":{"line":138,"column":null}},"type":"if","locations":[{"start":{"line":138,"column":4},"end":{"line":138,"column":null}},{"start":{},"end":{}}],"line":138},"20":{"loc":{"start":{"line":142,"column":4},"end":{"line":142,"column":null}},"type":"if","locations":[{"start":{"line":142,"column":4},"end":{"line":142,"column":null}},{"start":{},"end":{}}],"line":142},"21":{"loc":{"start":{"line":145,"column":4},"end":{"line":155,"column":null}},"type":"if","locations":[{"start":{"line":145,"column":4},"end":{"line":155,"column":null}},{"start":{"line":147,"column":4},"end":{"line":155,"column":null}}],"line":145},"22":{"loc":{"start":{"line":147,"column":4},"end":{"line":155,"column":null}},"type":"if","locations":[{"start":{"line":147,"column":4},"end":{"line":155,"column":null}},{"start":{"line":149,"column":4},"end":{"line":155,"column":null}}],"line":147},"23":{"loc":{"start":{"line":149,"column":4},"end":{"line":155,"column":null}},"type":"if","locations":[{"start":{"line":149,"column":4},"end":{"line":155,"column":null}},{"start":{"line":151,"column":4},"end":{"line":155,"column":null}}],"line":149},"24":{"loc":{"start":{"line":151,"column":4},"end":{"line":155,"column":null}},"type":"if","locations":[{"start":{"line":151,"column":4},"end":{"line":155,"column":null}},{"start":{"line":153,"column":11},"end":{"line":155,"column":null}}],"line":151},"25":{"loc":{"start":{"line":169,"column":18},"end":{"line":169,"column":null}},"type":"cond-expr","locations":[{"start":{"line":169,"column":29},"end":{"line":169,"column":40}},{"start":{"line":169,"column":40},"end":{"line":169,"column":null}}],"line":169},"26":{"loc":{"start":{"line":171,"column":33},"end":{"line":171,"column":57}},"type":"cond-expr","locations":[{"start":{"line":171,"column":44},"end":{"line":171,"column":55}},{"start":{"line":171,"column":55},"end":{"line":171,"column":57}}],"line":171},"27":{"loc":{"start":{"line":180,"column":47},"end":{"line":180,"column":62}},"type":"default-arg","locations":[{"start":{"line":180,"column":59},"end":{"line":180,"column":62}}],"line":180},"28":{"loc":{"start":{"line":184,"column":2},"end":{"line":184,"column":null}},"type":"if","locations":[{"start":{"line":184,"column":2},"end":{"line":184,"column":null}},{"start":{},"end":{}}],"line":184},"29":{"loc":{"start":{"line":191,"column":18},"end":{"line":191,"column":null}},"type":"cond-expr","locations":[{"start":{"line":191,"column":29},"end":{"line":191,"column":40}},{"start":{"line":191,"column":40},"end":{"line":191,"column":null}}],"line":191}},"s":{"0":1,"1":116,"2":116,"3":0,"4":116,"5":0,"6":0,"7":0,"8":0,"9":0,"10":0,"11":0,"12":0,"13":0,"14":0,"15":0,"16":0,"17":0,"18":0,"19":0,"20":0,"21":0,"22":0,"23":0,"24":0,"25":29,"26":29,"27":29,"28":4,"29":0,"30":4,"31":4,"32":29,"33":29,"34":0,"35":29,"36":29,"37":58,"38":58,"39":58,"40":0,"41":0,"42":0,"43":0,"44":0,"45":0,"46":0,"47":0,"48":0,"49":0,"50":0,"51":0,"52":0,"53":0,"54":0,"55":0,"56":0,"57":0,"58":0,"59":0,"60":58,"61":4,"62":58,"63":58,"64":58,"65":29,"66":29},"f":{"0":116,"1":0,"2":0,"3":0,"4":0,"5":0,"6":29,"7":4,"8":29,"9":29,"10":58,"11":0,"12":4,"13":58},"b":{"0":[0,116],"1":[0],"2":[0],"3":[0,0],"4":[0,0],"5":[0,0],"6":[0,0],"7":[0,0],"8":[0,0],"9":[0,0],"10":[29],"11":[29,0],"12":[29,0],"13":[0,4],"14":[4,0],"15":[29],"16":[0,29],"17":[29],"18":[58],"19":[0,0],"20":[0,0],"21":[0,0],"22":[0,0],"23":[0,0],"24":[0,0],"25":[29,29],"26":[29,29],"27":[58],"28":[29,29],"29":[29,0]},"meta":{"lastBranch":30,"lastFunction":14,"lastStatement":67,"seen":{"s:11:6:11:Infinity":0,"f:13:9:13:19":0,"s:14:8:14:Infinity":1,"b:15:2:17:Infinity:undefined:undefined:undefined:undefined":0,"s:15:2:17:Infinity":2,"s:16:4:16:Infinity":3,"s:18:2:18:Infinity":4,"f:31:9:31:21":1,"b:35:13:35:Infinity":1,"b:37:14:37:Infinity":2,"s:39:38:39:Infinity":5,"s:40:40:40:Infinity":6,"b:40:53:40:69:40:69:40:71":3,"s:42:19:42:Infinity":7,"s:43:22:45:Infinity":8,"b:44:6:44:Infinity:45:7:45:Infinity":4,"b:45:7:45:19:45:19:45:Infinity":5,"s:47:2:58:Infinity":9,"f:47:12:47:18":2,"b:48:4:57:Infinity:undefined:undefined:undefined:undefined":6,"s:48:4:57:Infinity":10,"b:48:8:48:21:48:21:48:35":7,"s:49:6:56:Infinity":11,"f:50:8:50:9":3,"s:51:28:51:Infinity":12,"s:52:10:52:Infinity":13,"s:53:10:53:Infinity":14,"s:60:28:77:Infinity":15,"f:60:28:60:29":4,"b:61:4:63:Infinity:undefined:undefined:undefined:undefined":8,"s:61:4:63:Infinity":16,"s:62:6:62:Infinity":17,"s:65:4:72:Infinity":18,"f:66:6:66:7":5,"s:67:26:67:Infinity":19,"s:68:8:68:Infinity":20,"s:69:8:69:Infinity":21,"b:74:4:76:Infinity:undefined:undefined:undefined:undefined":9,"s:74:4:76:Infinity":22,"s:75:6:75:Infinity":23,"s:79:2:84:Infinity":24,"f:88:9:88:24":6,"b:93:14:93:Infinity":10,"s:95:40:95:Infinity":25,"b:95:53:95:69:95:69:95:71":11,"s:97:22:97:Infinity":26,"b:97:54:97:72:97:72:97:Infinity":12,"s:99:28:106:Infinity":27,"f:99:28:99:29":7,"b:100:4:102:Infinity:undefined:undefined:undefined:undefined":13,"s:100:4:102:Infinity":28,"s:101:6:101:Infinity":29,"b:103:4:105:Infinity:undefined:undefined:undefined:undefined":14,"s:103:4:105:Infinity":30,"s:104:6:104:Infinity":31,"s:108:2:113:Infinity":32,"f:117:16:117:21":8,"b:117:37:117:44":15,"b:118:2:120:Infinity:undefined:undefined:undefined:undefined":16,"s:118:2:120:Infinity":33,"s:119:4:119:Infinity":34,"s:121:2:121:Infinity":35,"f:124:16:124:25":9,"b:124:49:124:53":17,"s:125:2:128:Infinity":36,"f:132:16:132:28":10,"b:132:59:132:62":18,"s:133:48:133:Infinity":37,"s:134:19:134:Infinity":38,"s:136:24:160:Infinity":39,"f:136:24:136:25":11,"s:137:19:137:Infinity":40,"b:138:4:138:Infinity:undefined:undefined:undefined:undefined":19,"s:138:4:138:Infinity":41,"s:138:17:138:Infinity":42,"s:140:17:140:Infinity":43,"s:141:18:141:Infinity":44,"b:142:4:142:Infinity:undefined:undefined:undefined:undefined":20,"s:142:4:142:Infinity":45,"s:142:22:142:Infinity":46,"s:144:20:144:Infinity":47,"b:145:4:155:Infinity:147:4:155:Infinity":21,"s:145:4:155:Infinity":48,"s:146:6:146:Infinity":49,"b:147:4:155:Infinity:149:4:155:Infinity":22,"s:147:4:155:Infinity":50,"s:148:6:148:Infinity":51,"b:149:4:155:Infinity:151:4:155:Infinity":23,"s:149:4:155:Infinity":52,"s:150:6:150:Infinity":53,"b:151:4:155:Infinity:153:11:155:Infinity":24,"s:151:4:155:Infinity":54,"s:152:6:152:Infinity":55,"s:154:6:154:Infinity":56,"s:157:4:157:Infinity":57,"s:158:4:158:Infinity":58,"s:159:4:159:Infinity":59,"s:162:2:176:Infinity":60,"b:169:29:169:40:169:40:169:Infinity":25,"b:171:44:171:55:171:55:171:57":26,"f:172:15:172:21":12,"s:172:21:172:Infinity":61,"f:180:16:180:28":13,"b:180:59:180:62":27,"s:181:33:181:Infinity":62,"s:182:19:182:Infinity":63,"b:184:2:184:Infinity:undefined:undefined:undefined:undefined":28,"s:184:2:184:Infinity":64,"s:184:17:184:Infinity":65,"s:186:2:196:Infinity":66,"b:191:29:191:40:191:40:191:Infinity":29}}}
,"C:\\Users\\USER\\Documents\\War\\YieldVault-RWA\\frontend\\src\\components\\VaultDashboard.tsx": {"path":"C:\\Users\\USER\\Documents\\War\\YieldVault-RWA\\frontend\\src\\components\\VaultDashboard.tsx","statementMap":{"0":{"start":{"line":18,"column":79},"end":{"line":47,"column":null}},"1":{"start":{"line":19,"column":8},"end":{"line":19,"column":null}},"2":{"start":{"line":21,"column":2},"end":{"line":45,"column":null}},"3":{"start":{"line":49,"column":54},"end":{"line":329,"column":null}},"4":{"start":{"line":53,"column":64},"end":{"line":53,"column":null}},"5":{"start":{"line":54,"column":8},"end":{"line":54,"column":null}},"6":{"start":{"line":55,"column":32},"end":{"line":55,"column":null}},"7":{"start":{"line":56,"column":26},"end":{"line":56,"column":null}},"8":{"start":{"line":58,"column":8},"end":{"line":58,"column":null}},"9":{"start":{"line":59,"column":8},"end":{"line":59,"column":null}},"10":{"start":{"line":61,"column":2},"end":{"line":71,"column":null}},"11":{"start":{"line":62,"column":26},"end":{"line":68,"column":null}},"12":{"start":{"line":63,"column":6},"end":{"line":63,"column":null}},"13":{"start":{"line":64,"column":6},"end":{"line":67,"column":null}},"14":{"start":{"line":65,"column":22},"end":{"line":65,"column":null}},"15":{"start":{"line":66,"column":8},"end":{"line":66,"column":null}},"16":{"start":{"line":66,"column":19},"end":{"line":66,"column":null}},"17":{"start":{"line":69,"column":4},"end":{"line":69,"column":null}},"18":{"start":{"line":70,"column":4},"end":{"line":70,"column":null}},"19":{"start":{"line":70,"column":17},"end":{"line":70,"column":null}},"20":{"start":{"line":73,"column":23},"end":{"line":77,"column":null}},"21":{"start":{"line":79,"column":27},"end":{"line":79,"column":null}},"22":{"start":{"line":80,"column":19},"end":{"line":80,"column":null}},"23":{"start":{"line":81,"column":24},"end":{"line":81,"column":null}},"24":{"start":{"line":82,"column":24},"end":{"line":82,"column":null}},"25":{"start":{"line":83,"column":27},"end":{"line":83,"column":null}},"26":{"start":{"line":84,"column":23},"end":{"line":84,"column":null}},"27":{"start":{"line":85,"column":29},"end":{"line":85,"column":null}},"28":{"start":{"line":87,"column":22},"end":{"line":87,"column":null}},"29":{"start":{"line":88,"column":23},"end":{"line":88,"column":null}},"30":{"start":{"line":89,"column":23},"end":{"line":89,"column":null}},"31":{"start":{"line":91,"column":28},"end":{"line":145,"column":null}},"32":{"start":{"line":92,"column":18},"end":{"line":92,"column":null}},"33":{"start":{"line":94,"column":4},"end":{"line":100,"column":null}},"34":{"start":{"line":95,"column":6},"end":{"line":98,"column":null}},"35":{"start":{"line":99,"column":6},"end":{"line":99,"column":null}},"36":{"start":{"line":102,"column":4},"end":{"line":108,"column":null}},"37":{"start":{"line":103,"column":6},"end":{"line":106,"column":null}},"38":{"start":{"line":107,"column":6},"end":{"line":107,"column":null}},"39":{"start":{"line":110,"column":4},"end":{"line":116,"column":null}},"40":{"start":{"line":111,"column":6},"end":{"line":114,"column":null}},"41":{"start":{"line":115,"column":6},"end":{"line":115,"column":null}},"42":{"start":{"line":117,"column":4},"end":{"line":123,"column":null}},"43":{"start":{"line":118,"column":6},"end":{"line":121,"column":null}},"44":{"start":{"line":122,"column":6},"end":{"line":122,"column":null}},"45":{"start":{"line":125,"column":4},"end":{"line":144,"column":null}},"46":{"start":{"line":126,"column":6},"end":{"line":130,"column":null}},"47":{"start":{"line":127,"column":8},"end":{"line":127,"column":null}},"48":{"start":{"line":129,"column":8},"end":{"line":129,"column":null}},"49":{"start":{"line":132,"column":6},"end":{"line":132,"column":null}},"50":{"start":{"line":133,"column":6},"end":{"line":138,"column":null}},"51":{"start":{"line":140,"column":6},"end":{"line":143,"column":null}},"52":{"start":{"line":147,"column":2},"end":{"line":327,"column":null}},"53":{"start":{"line":244,"column":79},"end":{"line":244,"column":null}},"54":{"start":{"line":251,"column":14},"end":{"line":322,"column":null}},"55":{"start":{"line":273,"column":41},"end":{"line":273,"column":null}},"56":{"start":{"line":278,"column":39},"end":{"line":278,"column":null}},"57":{"start":{"line":310,"column":33},"end":{"line":310,"column":null}}},"fnMap":{"0":{"name":"(anonymous_0)","decl":{"start":{"line":18,"column":79},"end":{"line":18,"column":80}},"loc":{"start":{"line":18,"column":111},"end":{"line":47,"column":null}},"line":18},"1":{"name":"(anonymous_1)","decl":{"start":{"line":49,"column":54},"end":{"line":49,"column":55}},"loc":{"start":{"line":52,"column":6},"end":{"line":329,"column":null}},"line":52},"2":{"name":"(anonymous_2)","decl":{"start":{"line":61,"column":12},"end":{"line":61,"column":18}},"loc":{"start":{"line":61,"column":18},"end":{"line":71,"column":5}},"line":61},"3":{"name":"(anonymous_3)","decl":{"start":{"line":62,"column":26},"end":{"line":62,"column":32}},"loc":{"start":{"line":62,"column":32},"end":{"line":68,"column":null}},"line":62},"4":{"name":"(anonymous_4)","decl":{"start":{"line":64,"column":17},"end":{"line":64,"column":23}},"loc":{"start":{"line":64,"column":23},"end":{"line":67,"column":9}},"line":64},"5":{"name":"(anonymous_5)","decl":{"start":{"line":70,"column":11},"end":{"line":70,"column":17}},"loc":{"start":{"line":70,"column":17},"end":{"line":70,"column":null}},"line":70},"6":{"name":"(anonymous_6)","decl":{"start":{"line":91,"column":28},"end":{"line":91,"column":35}},"loc":{"start":{"line":91,"column":74},"end":{"line":145,"column":null}},"line":91},"7":{"name":"(anonymous_7)","decl":{"start":{"line":244,"column":72},"end":{"line":244,"column":73}},"loc":{"start":{"line":244,"column":79},"end":{"line":244,"column":null}},"line":244},"8":{"name":"(anonymous_8)","decl":{"start":{"line":250,"column":52},"end":{"line":250,"column":53}},"loc":{"start":{"line":251,"column":14},"end":{"line":322,"column":null}},"line":251},"9":{"name":"(anonymous_9)","decl":{"start":{"line":273,"column":34},"end":{"line":273,"column":35}},"loc":{"start":{"line":273,"column":41},"end":{"line":273,"column":null}},"line":273},"10":{"name":"(anonymous_10)","decl":{"start":{"line":278,"column":33},"end":{"line":278,"column":39}},"loc":{"start":{"line":278,"column":39},"end":{"line":278,"column":null}},"line":278},"11":{"name":"(anonymous_11)","decl":{"start":{"line":310,"column":27},"end":{"line":310,"column":33}},"loc":{"start":{"line":310,"column":33},"end":{"line":310,"column":null}},"line":310}},"branchMap":{"0":{"loc":{"start":{"line":27,"column":29},"end":{"line":27,"column":84}},"type":"cond-expr","locations":[{"start":{"line":27,"column":41},"end":{"line":27,"column":63}},{"start":{"line":27,"column":63},"end":{"line":27,"column":84}}],"line":27},"1":{"loc":{"start":{"line":28,"column":20},"end":{"line":28,"column":null}},"type":"cond-expr","locations":[{"start":{"line":28,"column":32},"end":{"line":28,"column":59}},{"start":{"line":28,"column":59},"end":{"line":28,"column":null}}],"line":28},"2":{"loc":{"start":{"line":34,"column":7},"end":{"line":34,"column":null}},"type":"cond-expr","locations":[{"start":{"line":34,"column":19},"end":{"line":34,"column":75}},{"start":{"line":34,"column":75},"end":{"line":34,"column":null}}],"line":34},"3":{"loc":{"start":{"line":36,"column":46},"end":{"line":36,"column":103}},"type":"cond-expr","locations":[{"start":{"line":36,"column":58},"end":{"line":36,"column":80}},{"start":{"line":36,"column":80},"end":{"line":36,"column":103}}],"line":36},"4":{"loc":{"start":{"line":37,"column":11},"end":{"line":37,"column":null}},"type":"cond-expr","locations":[{"start":{"line":37,"column":23},"end":{"line":37,"column":50}},{"start":{"line":37,"column":50},"end":{"line":37,"column":null}}],"line":37},"5":{"loc":{"start":{"line":40,"column":11},"end":{"line":42,"column":null}},"type":"cond-expr","locations":[{"start":{"line":41,"column":14},"end":{"line":41,"column":null}},{"start":{"line":42,"column":14},"end":{"line":42,"column":null}}],"line":40},"6":{"loc":{"start":{"line":51,"column":2},"end":{"line":51,"column":null}},"type":"default-arg","locations":[{"start":{"line":51,"column":16},"end":{"line":51,"column":null}}],"line":51},"7":{"loc":{"start":{"line":66,"column":8},"end":{"line":66,"column":null}},"type":"if","locations":[{"start":{"line":66,"column":8},"end":{"line":66,"column":null}},{"start":{},"end":{}}],"line":66},"8":{"loc":{"start":{"line":73,"column":23},"end":{"line":77,"column":null}},"type":"cond-expr","locations":[{"start":{"line":74,"column":6},"end":{"line":74,"column":null}},{"start":{"line":75,"column":6},"end":{"line":77,"column":null}}],"line":73},"9":{"loc":{"start":{"line":75,"column":6},"end":{"line":77,"column":null}},"type":"cond-expr","locations":[{"start":{"line":76,"column":8},"end":{"line":76,"column":null}},{"start":{"line":77,"column":8},"end":{"line":77,"column":null}}],"line":75},"10":{"loc":{"start":{"line":79,"column":27},"end":{"line":79,"column":null}},"type":"cond-expr","locations":[{"start":{"line":79,"column":43},"end":{"line":79,"column":57}},{"start":{"line":79,"column":57},"end":{"line":79,"column":null}}],"line":79},"11":{"loc":{"start":{"line":82,"column":24},"end":{"line":82,"column":null}},"type":"binary-expr","locations":[{"start":{"line":82,"column":24},"end":{"line":82,"column":58}},{"start":{"line":82,"column":58},"end":{"line":82,"column":null}}],"line":82},"12":{"loc":{"start":{"line":84,"column":23},"end":{"line":84,"column":null}},"type":"cond-expr","locations":[{"start":{"line":84,"column":40},"end":{"line":84,"column":85}},{"start":{"line":84,"column":85},"end":{"line":84,"column":null}}],"line":84},"13":{"loc":{"start":{"line":85,"column":29},"end":{"line":85,"column":null}},"type":"cond-expr","locations":[{"start":{"line":85,"column":45},"end":{"line":85,"column":89}},{"start":{"line":85,"column":89},"end":{"line":85,"column":null}}],"line":85},"14":{"loc":{"start":{"line":87,"column":22},"end":{"line":87,"column":null}},"type":"cond-expr","locations":[{"start":{"line":87,"column":47},"end":{"line":87,"column":82}},{"start":{"line":87,"column":82},"end":{"line":87,"column":null}}],"line":87},"15":{"loc":{"start":{"line":94,"column":4},"end":{"line":100,"column":null}},"type":"if","locations":[{"start":{"line":94,"column":4},"end":{"line":100,"column":null}},{"start":{},"end":{}}],"line":94},"16":{"loc":{"start":{"line":102,"column":4},"end":{"line":108,"column":null}},"type":"if","locations":[{"start":{"line":102,"column":4},"end":{"line":108,"column":null}},{"start":{},"end":{}}],"line":102},"17":{"loc":{"start":{"line":102,"column":8},"end":{"line":102,"column":54}},"type":"binary-expr","locations":[{"start":{"line":102,"column":8},"end":{"line":102,"column":19}},{"start":{"line":102,"column":19},"end":{"line":102,"column":42}},{"start":{"line":102,"column":42},"end":{"line":102,"column":54}}],"line":102},"18":{"loc":{"start":{"line":110,"column":4},"end":{"line":116,"column":null}},"type":"if","locations":[{"start":{"line":110,"column":4},"end":{"line":116,"column":null}},{"start":{},"end":{}}],"line":110},"19":{"loc":{"start":{"line":110,"column":8},"end":{"line":110,"column":63}},"type":"binary-expr","locations":[{"start":{"line":110,"column":8},"end":{"line":110,"column":37}},{"start":{"line":110,"column":37},"end":{"line":110,"column":63}}],"line":110},"20":{"loc":{"start":{"line":117,"column":4},"end":{"line":123,"column":null}},"type":"if","locations":[{"start":{"line":117,"column":4},"end":{"line":123,"column":null}},{"start":{},"end":{}}],"line":117},"21":{"loc":{"start":{"line":117,"column":8},"end":{"line":117,"column":62}},"type":"binary-expr","locations":[{"start":{"line":117,"column":8},"end":{"line":117,"column":36}},{"start":{"line":117,"column":36},"end":{"line":117,"column":62}}],"line":117},"22":{"loc":{"start":{"line":126,"column":6},"end":{"line":130,"column":null}},"type":"if","locations":[{"start":{"line":126,"column":6},"end":{"line":130,"column":null}},{"start":{"line":128,"column":13},"end":{"line":130,"column":null}}],"line":126},"23":{"loc":{"start":{"line":134,"column":15},"end":{"line":134,"column":null}},"type":"cond-expr","locations":[{"start":{"line":134,"column":42},"end":{"line":134,"column":65}},{"start":{"line":134,"column":65},"end":{"line":134,"column":null}}],"line":134},"24":{"loc":{"start":{"line":135,"column":21},"end":{"line":137,"column":null}},"type":"cond-expr","locations":[{"start":{"line":136,"column":12},"end":{"line":136,"column":null}},{"start":{"line":137,"column":12},"end":{"line":137,"column":null}}],"line":135},"25":{"loc":{"start":{"line":142,"column":21},"end":{"line":142,"column":null}},"type":"binary-expr","locations":[{"start":{"line":142,"column":21},"end":{"line":142,"column":36}},{"start":{"line":142,"column":36},"end":{"line":142,"column":null}}],"line":142},"26":{"loc":{"start":{"line":151,"column":11},"end":{"line":151,"column":null}},"type":"binary-expr","locations":[{"start":{"line":151,"column":11},"end":{"line":151,"column":20}},{"start":{"line":151,"column":20},"end":{"line":151,"column":null}}],"line":151},"27":{"loc":{"start":{"line":174,"column":49},"end":{"line":174,"column":90}},"type":"cond-expr","locations":[{"start":{"line":174,"column":61},"end":{"line":174,"column":79}},{"start":{"line":174,"column":79},"end":{"line":174,"column":90}}],"line":174},"28":{"loc":{"start":{"line":175,"column":19},"end":{"line":175,"column":null}},"type":"cond-expr","locations":[{"start":{"line":175,"column":31},"end":{"line":175,"column":43}},{"start":{"line":175,"column":43},"end":{"line":175,"column":null}}],"line":175},"29":{"loc":{"start":{"line":236,"column":11},"end":{"line":241,"column":null}},"type":"binary-expr","locations":[{"start":{"line":236,"column":11},"end":{"line":236,"column":null}},{"start":{"line":237,"column":12},"end":{"line":241,"column":null}}],"line":236},"30":{"loc":{"start":{"line":252,"column":18},"end":{"line":253,"column":null}},"type":"binary-expr","locations":[{"start":{"line":252,"column":18},"end":{"line":252,"column":34}},{"start":{"line":252,"column":34},"end":{"line":252,"column":51}},{"start":{"line":252,"column":51},"end":{"line":252,"column":null}},{"start":{"line":253,"column":19},"end":{"line":253,"column":null}}],"line":252},"31":{"loc":{"start":{"line":258,"column":23},"end":{"line":258,"column":null}},"type":"cond-expr","locations":[{"start":{"line":258,"column":43},"end":{"line":258,"column":65}},{"start":{"line":258,"column":65},"end":{"line":258,"column":null}}],"line":258},"32":{"loc":{"start":{"line":274,"column":34},"end":{"line":274,"column":null}},"type":"binary-expr","locations":[{"start":{"line":274,"column":34},"end":{"line":274,"column":60}},{"start":{"line":274,"column":60},"end":{"line":274,"column":81}},{"start":{"line":274,"column":81},"end":{"line":274,"column":null}}],"line":274},"33":{"loc":{"start":{"line":279,"column":34},"end":{"line":279,"column":null}},"type":"binary-expr","locations":[{"start":{"line":279,"column":34},"end":{"line":279,"column":52}},{"start":{"line":279,"column":52},"end":{"line":279,"column":77}},{"start":{"line":279,"column":77},"end":{"line":279,"column":103}},{"start":{"line":279,"column":103},"end":{"line":279,"column":124}},{"start":{"line":279,"column":124},"end":{"line":279,"column":null}}],"line":279},"34":{"loc":{"start":{"line":291,"column":23},"end":{"line":291,"column":null}},"type":"cond-expr","locations":[{"start":{"line":291,"column":39},"end":{"line":291,"column":75}},{"start":{"line":291,"column":75},"end":{"line":291,"column":null}}],"line":291},"35":{"loc":{"start":{"line":296,"column":23},"end":{"line":296,"column":null}},"type":"cond-expr","locations":[{"start":{"line":296,"column":43},"end":{"line":296,"column":69}},{"start":{"line":296,"column":69},"end":{"line":296,"column":null}}],"line":296},"36":{"loc":{"start":{"line":299,"column":23},"end":{"line":299,"column":null}},"type":"cond-expr","locations":[{"start":{"line":299,"column":39},"end":{"line":299,"column":81}},{"start":{"line":299,"column":81},"end":{"line":299,"column":null}}],"line":299},"37":{"loc":{"start":{"line":311,"column":28},"end":{"line":311,"column":null}},"type":"binary-expr","locations":[{"start":{"line":311,"column":28},"end":{"line":311,"column":54}},{"start":{"line":311,"column":54},"end":{"line":311,"column":75}},{"start":{"line":311,"column":75},"end":{"line":311,"column":null}}],"line":311},"38":{"loc":{"start":{"line":313,"column":19},"end":{"line":319,"column":null}},"type":"cond-expr","locations":[{"start":{"line":314,"column":20},"end":{"line":317,"column":null}},{"start":{"line":319,"column":20},"end":{"line":319,"column":null}}],"line":313},"39":{"loc":{"start":{"line":319,"column":20},"end":{"line":319,"column":null}},"type":"cond-expr","locations":[{"start":{"line":319,"column":41},"end":{"line":319,"column":97}},{"start":{"line":319,"column":97},"end":{"line":319,"column":null}}],"line":319},"40":{"loc":{"start":{"line":319,"column":41},"end":{"line":319,"column":97}},"type":"cond-expr","locations":[{"start":{"line":319,"column":56},"end":{"line":319,"column":74}},{"start":{"line":319,"column":74},"end":{"line":319,"column":97}}],"line":319}},"s":{"0":1,"1":0,"2":0,"3":1,"4":29,"5":29,"6":29,"7":29,"8":29,"9":29,"10":29,"11":11,"12":0,"13":0,"14":0,"15":0,"16":0,"17":11,"18":11,"19":11,"20":29,"21":29,"22":29,"23":29,"24":29,"25":29,"26":29,"27":29,"28":29,"29":29,"30":29,"31":29,"32":6,"33":6,"34":0,"35":0,"36":6,"37":2,"38":2,"39":4,"40":1,"41":1,"42":3,"43":1,"44":1,"45":2,"46":2,"47":2,"48":0,"49":1,"50":1,"51":1,"52":29,"53":4,"54":58,"55":6,"56":1,"57":6},"f":{"0":0,"1":29,"2":11,"3":0,"4":0,"5":11,"6":6,"7":4,"8":58,"9":6,"10":1,"11":6},"b":{"0":[0,0],"1":[0,0],"2":[0,0],"3":[0,0],"4":[0,0],"5":[0,0],"6":[29],"7":[0,0],"8":[0,29],"9":[0,29],"10":[28,1],"11":[29,29],"12":[9,20],"13":[9,20],"14":[29,0],"15":[0,6],"16":[2,4],"17":[6,6,6],"18":[1,3],"19":[4,1],"20":[1,2],"21":[3,3],"22":[2,0],"23":[1,0],"24":[1,0],"25":[1,0],"26":[29,1],"27":[28,1],"28":[28,1],"29":[29,1],"30":[58,58,0,0],"31":[29,29],"32":[58,58,29],"33":[58,56,56,56,28],"34":[18,40],"35":[29,29],"36":[18,40],"37":[58,58,29],"38":[0,58],"39":[29,29],"40":[0,29]},"meta":{"lastBranch":41,"lastFunction":12,"lastStatement":58,"seen":{"s:18:79:47:Infinity":0,"f:18:79:18:80":0,"s:19:8:19:Infinity":1,"s:21:2:45:Infinity":2,"b:27:41:27:63:27:63:27:84":0,"b:28:32:28:59:28:59:28:Infinity":1,"b:34:19:34:75:34:75:34:Infinity":2,"b:36:58:36:80:36:80:36:103":3,"b:37:23:37:50:37:50:37:Infinity":4,"b:41:14:41:Infinity:42:14:42:Infinity":5,"s:49:54:329:Infinity":3,"f:49:54:49:55":1,"b:51:16:51:Infinity":6,"s:53:64:53:Infinity":4,"s:54:8:54:Infinity":5,"s:55:32:55:Infinity":6,"s:56:26:56:Infinity":7,"s:58:8:58:Infinity":8,"s:59:8:59:Infinity":9,"s:61:2:71:Infinity":10,"f:61:12:61:18":2,"s:62:26:68:Infinity":11,"f:62:26:62:32":3,"s:63:6:63:Infinity":12,"s:64:6:67:Infinity":13,"f:64:17:64:23":4,"s:65:22:65:Infinity":14,"b:66:8:66:Infinity:undefined:undefined:undefined:undefined":7,"s:66:8:66:Infinity":15,"s:66:19:66:Infinity":16,"s:69:4:69:Infinity":17,"s:70:4:70:Infinity":18,"f:70:11:70:17":5,"s:70:17:70:Infinity":19,"s:73:23:77:Infinity":20,"b:74:6:74:Infinity:75:6:77:Infinity":8,"b:76:8:76:Infinity:77:8:77:Infinity":9,"s:79:27:79:Infinity":21,"b:79:43:79:57:79:57:79:Infinity":10,"s:80:19:80:Infinity":22,"s:81:24:81:Infinity":23,"s:82:24:82:Infinity":24,"b:82:24:82:58:82:58:82:Infinity":11,"s:83:27:83:Infinity":25,"s:84:23:84:Infinity":26,"b:84:40:84:85:84:85:84:Infinity":12,"s:85:29:85:Infinity":27,"b:85:45:85:89:85:89:85:Infinity":13,"s:87:22:87:Infinity":28,"b:87:47:87:82:87:82:87:Infinity":14,"s:88:23:88:Infinity":29,"s:89:23:89:Infinity":30,"s:91:28:145:Infinity":31,"f:91:28:91:35":6,"s:92:18:92:Infinity":32,"b:94:4:100:Infinity:undefined:undefined:undefined:undefined":15,"s:94:4:100:Infinity":33,"s:95:6:98:Infinity":34,"s:99:6:99:Infinity":35,"b:102:4:108:Infinity:undefined:undefined:undefined:undefined":16,"s:102:4:108:Infinity":36,"b:102:8:102:19:102:19:102:42:102:42:102:54":17,"s:103:6:106:Infinity":37,"s:107:6:107:Infinity":38,"b:110:4:116:Infinity:undefined:undefined:undefined:undefined":18,"s:110:4:116:Infinity":39,"b:110:8:110:37:110:37:110:63":19,"s:111:6:114:Infinity":40,"s:115:6:115:Infinity":41,"b:117:4:123:Infinity:undefined:undefined:undefined:undefined":20,"s:117:4:123:Infinity":42,"b:117:8:117:36:117:36:117:62":21,"s:118:6:121:Infinity":43,"s:122:6:122:Infinity":44,"s:125:4:144:Infinity":45,"b:126:6:130:Infinity:128:13:130:Infinity":22,"s:126:6:130:Infinity":46,"s:127:8:127:Infinity":47,"s:129:8:129:Infinity":48,"s:132:6:132:Infinity":49,"s:133:6:138:Infinity":50,"b:134:42:134:65:134:65:134:Infinity":23,"b:136:12:136:Infinity:137:12:137:Infinity":24,"s:140:6:143:Infinity":51,"b:142:21:142:36:142:36:142:Infinity":25,"s:147:2:327:Infinity":52,"b:151:11:151:20:151:20:151:Infinity":26,"b:174:61:174:79:174:79:174:90":27,"b:175:31:175:43:175:43:175:Infinity":28,"b:236:11:236:Infinity:237:12:241:Infinity":29,"f:244:72:244:73":7,"s:244:79:244:Infinity":53,"f:250:52:250:53":8,"s:251:14:322:Infinity":54,"b:252:18:252:34:252:34:252:51:252:51:252:Infinity:253:19:253:Infinity":30,"b:258:43:258:65:258:65:258:Infinity":31,"f:273:34:273:35":9,"s:273:41:273:Infinity":55,"b:274:34:274:60:274:60:274:81:274:81:274:Infinity":32,"f:278:33:278:39":10,"s:278:39:278:Infinity":56,"b:279:34:279:52:279:52:279:77:279:77:279:103:279:103:279:124:279:124:279:Infinity":33,"b:291:39:291:75:291:75:291:Infinity":34,"b:296:43:296:69:296:69:296:Infinity":35,"b:299:39:299:81:299:81:299:Infinity":36,"f:310:27:310:33":11,"s:310:33:310:Infinity":57,"b:311:28:311:54:311:54:311:75:311:75:311:Infinity":37,"b:314:20:317:Infinity:319:20:319:Infinity":38,"b:319:41:319:97:319:97:319:Infinity":39,"b:319:56:319:74:319:74:319:97":40}}}
,"C:\\Users\\USER\\Documents\\War\\YieldVault-RWA\\frontend\\src\\components\\VaultPerformanceChart.tsx": {"path":"C:\\Users\\USER\\Documents\\War\\YieldVault-RWA\\frontend\\src\\components\\VaultPerformanceChart.tsx","statementMap":{"0":{"start":{"line":5,"column":40},"end":{"line":46,"column":null}},"1":{"start":{"line":6,"column":20},"end":{"line":6,"column":null}},"2":{"start":{"line":8,"column":2},"end":{"line":44,"column":null}}},"fnMap":{"0":{"name":"(anonymous_0)","decl":{"start":{"line":5,"column":40},"end":{"line":5,"column":46}},"loc":{"start":{"line":5,"column":46},"end":{"line":46,"column":null}},"line":5}},"branchMap":{"0":{"loc":{"start":{"line":6,"column":10},"end":{"line":6,"column":20}},"type":"default-arg","locations":[{"start":{"line":6,"column":17},"end":{"line":6,"column":20}}],"line":6}},"s":{"0":1,"1":31,"2":31},"f":{"0":31},"b":{"0":[31]},"meta":{"lastBranch":1,"lastFunction":1,"lastStatement":3,"seen":{"s:5:40:46:Infinity":0,"f:5:40:5:46":0,"s:6:20:6:Infinity":1,"b:6:17:6:20":0,"s:8:2:44:Infinity":2}}}
,"C:\\Users\\USER\\Documents\\War\\YieldVault-RWA\\frontend\\src\\components\\icons.ts": {"path":"C:\\Users\\USER\\Documents\\War\\YieldVault-RWA\\frontend\\src\\components\\icons.ts","statementMap":{},"fnMap":{},"branchMap":{},"s":{},"f":{},"b":{},"meta":{"lastBranch":0,"lastFunction":0,"lastStatement":0,"seen":{}}}
,"C:\\Users\\USER\\Documents\\War\\YieldVault-RWA\\frontend\\src\\config\\network.ts": {"path":"C:\\Users\\USER\\Documents\\War\\YieldVault-RWA\\frontend\\src\\config\\network.ts","statementMap":{"0":{"start":{"line":1,"column":27},"end":{"line":1,"column":null}},"1":{"start":{"line":2,"column":27},"end":{"line":2,"column":null}},"2":{"start":{"line":10,"column":44},"end":{"line":15,"column":null}},"3":{"start":{"line":17,"column":34},"end":{"line":17,"column":null}}},"fnMap":{},"branchMap":{"0":{"loc":{"start":{"line":11,"column":10},"end":{"line":11,"column":null}},"type":"binary-expr","locations":[{"start":{"line":11,"column":10},"end":{"line":11,"column":50}},{"start":{"line":11,"column":50},"end":{"line":11,"column":null}}],"line":11},"1":{"loc":{"start":{"line":13,"column":4},"end":{"line":13,"column":null}},"type":"binary-expr","locations":[{"start":{"line":13,"column":4},"end":{"line":13,"column":55}},{"start":{"line":13,"column":55},"end":{"line":13,"column":null}}],"line":13},"2":{"loc":{"start":{"line":14,"column":14},"end":{"line":14,"column":null}},"type":"binary-expr","locations":[{"start":{"line":14,"column":14},"end":{"line":14,"column":56}},{"start":{"line":14,"column":56},"end":{"line":14,"column":null}}],"line":14}},"s":{"0":1,"1":1,"2":1,"3":1},"f":{},"b":{"0":[1,1],"1":[1,1],"2":[1,1]},"meta":{"lastBranch":3,"lastFunction":0,"lastStatement":4,"seen":{"s:1:27:1:Infinity":0,"s:2:27:2:Infinity":1,"s:10:44:15:Infinity":2,"b:11:10:11:50:11:50:11:Infinity":0,"b:13:4:13:55:13:55:13:Infinity":1,"b:14:14:14:56:14:56:14:Infinity":2,"s:17:34:17:Infinity":3}}}
,"C:\\Users\\USER\\Documents\\War\\YieldVault-RWA\\frontend\\src\\context\\ToastContext.tsx": {"path":"C:\\Users\\USER\\Documents\\War\\YieldVault-RWA\\frontend\\src\\context\\ToastContext.tsx","statementMap":{"0":{"start":{"line":27,"column":6},"end":{"line":27,"column":null}},"1":{"start":{"line":29,"column":25},"end":{"line":29,"column":null}},"2":{"start":{"line":31,"column":70},"end":{"line":121,"column":null}},"3":{"start":{"line":34,"column":26},"end":{"line":34,"column":null}},"4":{"start":{"line":35,"column":8},"end":{"line":35,"column":null}},"5":{"start":{"line":36,"column":8},"end":{"line":36,"column":null}},"6":{"start":{"line":38,"column":23},"end":{"line":46,"column":null}},"7":{"start":{"line":39,"column":4},"end":{"line":39,"column":null}},"8":{"start":{"line":39,"column":33},"end":{"line":39,"column":81}},"9":{"start":{"line":39,"column":65},"end":{"line":39,"column":80}},"10":{"start":{"line":41,"column":22},"end":{"line":41,"column":null}},"11":{"start":{"line":42,"column":4},"end":{"line":45,"column":null}},"12":{"start":{"line":43,"column":6},"end":{"line":43,"column":null}},"13":{"start":{"line":44,"column":6},"end":{"line":44,"column":null}},"14":{"start":{"line":48,"column":20},"end":{"line":70,"column":null}},"15":{"start":{"line":53,"column":4},"end":{"line":53,"column":null}},"16":{"start":{"line":54,"column":15},"end":{"line":54,"column":null}},"17":{"start":{"line":55,"column":33},"end":{"line":60,"column":null}},"18":{"start":{"line":62,"column":4},"end":{"line":62,"column":null}},"19":{"start":{"line":62,"column":33},"end":{"line":62,"column":62}},"20":{"start":{"line":64,"column":22},"end":{"line":66,"column":null}},"21":{"start":{"line":65,"column":6},"end":{"line":65,"column":null}},"22":{"start":{"line":68,"column":4},"end":{"line":68,"column":null}},"23":{"start":{"line":69,"column":4},"end":{"line":69,"column":null}},"24":{"start":{"line":72,"column":2},"end":{"line":81,"column":null}},"25":{"start":{"line":73,"column":21},"end":{"line":73,"column":null}},"26":{"start":{"line":75,"column":4},"end":{"line":80,"column":null}},"27":{"start":{"line":76,"column":6},"end":{"line":78,"column":null}},"28":{"start":{"line":77,"column":8},"end":{"line":77,"column":null}},"29":{"start":{"line":79,"column":6},"end":{"line":79,"column":null}},"30":{"start":{"line":83,"column":2},"end":{"line":119,"column":null}},"31":{"start":{"line":88,"column":30},"end":{"line":88,"column":null}},"32":{"start":{"line":89,"column":28},"end":{"line":89,"column":null}},"33":{"start":{"line":90,"column":30},"end":{"line":90,"column":null}},"34":{"start":{"line":91,"column":27},"end":{"line":91,"column":null}},"35":{"start":{"line":97,"column":10},"end":{"line":116,"column":null}},"36":{"start":{"line":112,"column":29},"end":{"line":112,"column":null}},"37":{"start":{"line":125,"column":8},"end":{"line":125,"column":null}},"38":{"start":{"line":127,"column":2},"end":{"line":129,"column":null}},"39":{"start":{"line":128,"column":4},"end":{"line":128,"column":null}},"40":{"start":{"line":131,"column":2},"end":{"line":131,"column":null}}},"fnMap":{"0":{"name":"(anonymous_0)","decl":{"start":{"line":31,"column":70},"end":{"line":31,"column":71}},"loc":{"start":{"line":33,"column":6},"end":{"line":121,"column":null}},"line":33},"1":{"name":"(anonymous_1)","decl":{"start":{"line":38,"column":23},"end":{"line":38,"column":24}},"loc":{"start":{"line":38,"column":39},"end":{"line":46,"column":null}},"line":38},"2":{"name":"(anonymous_2)","decl":{"start":{"line":39,"column":14},"end":{"line":39,"column":15}},"loc":{"start":{"line":39,"column":33},"end":{"line":39,"column":81}},"line":39},"3":{"name":"(anonymous_3)","decl":{"start":{"line":39,"column":54},"end":{"line":39,"column":55}},"loc":{"start":{"line":39,"column":65},"end":{"line":39,"column":80}},"line":39},"4":{"name":"(anonymous_4)","decl":{"start":{"line":48,"column":20},"end":{"line":48,"column":21}},"loc":{"start":{"line":52,"column":22},"end":{"line":70,"column":null}},"line":52},"5":{"name":"(anonymous_5)","decl":{"start":{"line":62,"column":14},"end":{"line":62,"column":15}},"loc":{"start":{"line":62,"column":33},"end":{"line":62,"column":62}},"line":62},"6":{"name":"(anonymous_6)","decl":{"start":{"line":64,"column":40},"end":{"line":64,"column":46}},"loc":{"start":{"line":64,"column":46},"end":{"line":66,"column":7}},"line":64},"7":{"name":"(anonymous_7)","decl":{"start":{"line":72,"column":12},"end":{"line":72,"column":18}},"loc":{"start":{"line":72,"column":18},"end":{"line":81,"column":5}},"line":72},"8":{"name":"(anonymous_8)","decl":{"start":{"line":75,"column":11},"end":{"line":75,"column":17}},"loc":{"start":{"line":75,"column":17},"end":{"line":80,"column":null}},"line":75},"9":{"name":"(anonymous_9)","decl":{"start":{"line":76,"column":23},"end":{"line":76,"column":24}},"loc":{"start":{"line":76,"column":38},"end":{"line":78,"column":7}},"line":76},"10":{"name":"(anonymous_10)","decl":{"start":{"line":88,"column":17},"end":{"line":88,"column":18}},"loc":{"start":{"line":88,"column":30},"end":{"line":88,"column":null}},"line":88},"11":{"name":"(anonymous_11)","decl":{"start":{"line":89,"column":15},"end":{"line":89,"column":16}},"loc":{"start":{"line":89,"column":28},"end":{"line":89,"column":null}},"line":89},"12":{"name":"(anonymous_12)","decl":{"start":{"line":90,"column":17},"end":{"line":90,"column":18}},"loc":{"start":{"line":90,"column":30},"end":{"line":90,"column":null}},"line":90},"13":{"name":"(anonymous_13)","decl":{"start":{"line":91,"column":14},"end":{"line":91,"column":15}},"loc":{"start":{"line":91,"column":27},"end":{"line":91,"column":null}},"line":91},"14":{"name":"(anonymous_14)","decl":{"start":{"line":96,"column":20},"end":{"line":96,"column":21}},"loc":{"start":{"line":97,"column":10},"end":{"line":116,"column":null}},"line":97},"15":{"name":"(anonymous_15)","decl":{"start":{"line":112,"column":23},"end":{"line":112,"column":29}},"loc":{"start":{"line":112,"column":29},"end":{"line":112,"column":null}},"line":112},"16":{"name":"useToast","decl":{"start":{"line":124,"column":16},"end":{"line":124,"column":27}},"loc":{"start":{"line":124,"column":27},"end":{"line":132,"column":null}},"line":124}},"branchMap":{"0":{"loc":{"start":{"line":42,"column":4},"end":{"line":45,"column":null}},"type":"if","locations":[{"start":{"line":42,"column":4},"end":{"line":45,"column":null}},{"start":{},"end":{}}],"line":42},"1":{"loc":{"start":{"line":49,"column":4},"end":{"line":49,"column":null}},"type":"default-arg","locations":[{"start":{"line":49,"column":14},"end":{"line":49,"column":null}}],"line":49},"2":{"loc":{"start":{"line":50,"column":4},"end":{"line":50,"column":null}},"type":"default-arg","locations":[{"start":{"line":50,"column":15},"end":{"line":50,"column":null}}],"line":50},"3":{"loc":{"start":{"line":100,"column":18},"end":{"line":100,"column":null}},"type":"cond-expr","locations":[{"start":{"line":100,"column":46},"end":{"line":100,"column":56}},{"start":{"line":100,"column":56},"end":{"line":100,"column":null}}],"line":100},"4":{"loc":{"start":{"line":104,"column":15},"end":{"line":105,"column":null}},"type":"binary-expr","locations":[{"start":{"line":104,"column":15},"end":{"line":104,"column":null}},{"start":{"line":105,"column":16},"end":{"line":105,"column":null}}],"line":104},"5":{"loc":{"start":{"line":127,"column":2},"end":{"line":129,"column":null}},"type":"if","locations":[{"start":{"line":127,"column":2},"end":{"line":129,"column":null}},{"start":{},"end":{}}],"line":127}},"s":{"0":1,"1":1,"2":1,"3":17,"4":17,"5":17,"6":17,"7":0,"8":0,"9":0,"10":0,"11":0,"12":0,"13":0,"14":17,"15":6,"16":6,"17":6,"18":6,"19":6,"20":6,"21":0,"22":6,"23":6,"24":17,"25":11,"26":11,"27":11,"28":6,"29":11,"30":17,"31":1,"32":1,"33":4,"34":0,"35":6,"36":0,"37":58,"38":58,"39":0,"40":58},"f":{"0":17,"1":0,"2":0,"3":0,"4":6,"5":6,"6":0,"7":11,"8":11,"9":6,"10":1,"11":1,"12":4,"13":0,"14":6,"15":0,"16":58},"b":{"0":[0,0],"1":[6],"2":[6],"3":[1,5],"4":[6,6],"5":[0,58]},"meta":{"lastBranch":6,"lastFunction":17,"lastStatement":41,"seen":{"s:27:6:27:Infinity":0,"s:29:25:29:Infinity":1,"s:31:70:121:Infinity":2,"f:31:70:31:71":0,"s:34:26:34:Infinity":3,"s:35:8:35:Infinity":4,"s:36:8:36:Infinity":5,"s:38:23:46:Infinity":6,"f:38:23:38:24":1,"s:39:4:39:Infinity":7,"f:39:14:39:15":2,"s:39:33:39:81":8,"f:39:54:39:55":3,"s:39:65:39:80":9,"s:41:22:41:Infinity":10,"b:42:4:45:Infinity:undefined:undefined:undefined:undefined":0,"s:42:4:45:Infinity":11,"s:43:6:43:Infinity":12,"s:44:6:44:Infinity":13,"s:48:20:70:Infinity":14,"f:48:20:48:21":4,"b:49:14:49:Infinity":1,"b:50:15:50:Infinity":2,"s:53:4:53:Infinity":15,"s:54:15:54:Infinity":16,"s:55:33:60:Infinity":17,"s:62:4:62:Infinity":18,"f:62:14:62:15":5,"s:62:33:62:62":19,"s:64:22:66:Infinity":20,"f:64:40:64:46":6,"s:65:6:65:Infinity":21,"s:68:4:68:Infinity":22,"s:69:4:69:Infinity":23,"s:72:2:81:Infinity":24,"f:72:12:72:18":7,"s:73:21:73:Infinity":25,"s:75:4:80:Infinity":26,"f:75:11:75:17":8,"s:76:6:78:Infinity":27,"f:76:23:76:24":9,"s:77:8:77:Infinity":28,"s:79:6:79:Infinity":29,"s:83:2:119:Infinity":30,"f:88:17:88:18":10,"s:88:30:88:Infinity":31,"f:89:15:89:16":11,"s:89:28:89:Infinity":32,"f:90:17:90:18":12,"s:90:30:90:Infinity":33,"f:91:14:91:15":13,"s:91:27:91:Infinity":34,"f:96:20:96:21":14,"s:97:10:116:Infinity":35,"b:100:46:100:56:100:56:100:Infinity":3,"b:104:15:104:Infinity:105:16:105:Infinity":4,"f:112:23:112:29":15,"s:112:29:112:Infinity":36,"f:124:16:124:27":16,"s:125:8:125:Infinity":37,"b:127:2:129:Infinity:undefined:undefined:undefined:undefined":5,"s:127:2:129:Infinity":38,"s:128:4:128:Infinity":39,"s:131:2:131:Infinity":40}}}
,"C:\\Users\\USER\\Documents\\War\\YieldVault-RWA\\frontend\\src\\context\\VaultContext.tsx": {"path":"C:\\Users\\USER\\Documents\\War\\YieldVault-RWA\\frontend\\src\\context\\VaultContext.tsx","statementMap":{"0":{"start":{"line":28,"column":38},"end":{"line":49,"column":null}},"1":{"start":{"line":51,"column":6},"end":{"line":51,"column":null}},"2":{"start":{"line":53,"column":70},"end":{"line":121,"column":null}},"3":{"start":{"line":56,"column":54},"end":{"line":56,"column":null}},"4":{"start":{"line":58,"column":32},"end":{"line":66,"column":null}},"5":{"start":{"line":68,"column":33},"end":{"line":70,"column":null}},"6":{"start":{"line":72,"column":21},"end":{"line":72,"column":null}},"7":{"start":{"line":74,"column":22},"end":{"line":74,"column":null}},"8":{"start":{"line":75,"column":23},"end":{"line":75,"column":null}},"9":{"start":{"line":76,"column":23},"end":{"line":76,"column":null}},"10":{"start":{"line":78,"column":2},"end":{"line":86,"column":null}},"11":{"start":{"line":79,"column":10},"end":{"line":83,"column":null}},"12":{"start":{"line":80,"column":6},"end":{"line":82,"column":null}},"13":{"start":{"line":81,"column":8},"end":{"line":81,"column":null}},"14":{"start":{"line":85,"column":4},"end":{"line":85,"column":null}},"15":{"start":{"line":88,"column":23},"end":{"line":92,"column":null}},"16":{"start":{"line":94,"column":23},"end":{"line":94,"column":null}},"17":{"start":{"line":96,"column":18},"end":{"line":98,"column":null}},"18":{"start":{"line":97,"column":4},"end":{"line":97,"column":null}},"19":{"start":{"line":100,"column":2},"end":{"line":119,"column":null}},"20":{"start":{"line":124,"column":24},"end":{"line":130,"column":null}},"21":{"start":{"line":125,"column":8},"end":{"line":125,"column":null}},"22":{"start":{"line":126,"column":2},"end":{"line":128,"column":null}},"23":{"start":{"line":127,"column":4},"end":{"line":127,"column":null}},"24":{"start":{"line":129,"column":2},"end":{"line":129,"column":null}}},"fnMap":{"0":{"name":"(anonymous_0)","decl":{"start":{"line":53,"column":70},"end":{"line":53,"column":71}},"loc":{"start":{"line":55,"column":6},"end":{"line":121,"column":null}},"line":55},"1":{"name":"(anonymous_1)","decl":{"start":{"line":78,"column":12},"end":{"line":78,"column":18}},"loc":{"start":{"line":78,"column":18},"end":{"line":86,"column":5}},"line":78},"2":{"name":"(anonymous_2)","decl":{"start":{"line":79,"column":48},"end":{"line":79,"column":49}},"loc":{"start":{"line":79,"column":59},"end":{"line":83,"column":5}},"line":79},"3":{"name":"(anonymous_3)","decl":{"start":{"line":96,"column":18},"end":{"line":96,"column":30}},"loc":{"start":{"line":96,"column":30},"end":{"line":98,"column":null}},"line":96},"4":{"name":"(anonymous_4)","decl":{"start":{"line":124,"column":24},"end":{"line":124,"column":30}},"loc":{"start":{"line":124,"column":30},"end":{"line":130,"column":null}},"line":124}},"branchMap":{"0":{"loc":{"start":{"line":58,"column":32},"end":{"line":66,"column":null}},"type":"cond-expr","locations":[{"start":{"line":59,"column":6},"end":{"line":65,"column":null}},{"start":{"line":66,"column":6},"end":{"line":66,"column":null}}],"line":58},"1":{"loc":{"start":{"line":68,"column":33},"end":{"line":70,"column":null}},"type":"cond-expr","locations":[{"start":{"line":68,"column":33},"end":{"line":69,"column":null}},{"start":{"line":70,"column":6},"end":{"line":70,"column":null}}],"line":68},"2":{"loc":{"start":{"line":74,"column":22},"end":{"line":74,"column":null}},"type":"cond-expr","locations":[{"start":{"line":74,"column":47},"end":{"line":74,"column":82}},{"start":{"line":74,"column":82},"end":{"line":74,"column":null}}],"line":74},"3":{"loc":{"start":{"line":75,"column":23},"end":{"line":75,"column":null}},"type":"binary-expr","locations":[{"start":{"line":75,"column":23},"end":{"line":75,"column":44}},{"start":{"line":75,"column":44},"end":{"line":75,"column":null}}],"line":75},"4":{"loc":{"start":{"line":80,"column":6},"end":{"line":82,"column":null}},"type":"if","locations":[{"start":{"line":80,"column":6},"end":{"line":82,"column":null}},{"start":{},"end":{}}],"line":80},"5":{"loc":{"start":{"line":126,"column":2},"end":{"line":128,"column":null}},"type":"if","locations":[{"start":{"line":126,"column":2},"end":{"line":128,"column":null}},{"start":{},"end":{}}],"line":126}},"s":{"0":1,"1":1,"2":1,"3":12,"4":12,"5":12,"6":12,"7":12,"8":12,"9":12,"10":12,"11":11,"12":92,"13":12,"14":11,"15":12,"16":12,"17":12,"18":0,"19":12,"20":1,"21":29,"22":29,"23":0,"24":29},"f":{"0":12,"1":11,"2":92,"3":0,"4":29},"b":{"0":[0,12],"1":[1,11],"2":[12,0],"3":[12,0],"4":[12,80],"5":[0,29]},"meta":{"lastBranch":6,"lastFunction":5,"lastStatement":25,"seen":{"s:28:38:49:Infinity":0,"s:51:6:51:Infinity":1,"s:53:70:121:Infinity":2,"f:53:70:53:71":0,"s:56:54:56:Infinity":3,"s:58:32:66:Infinity":4,"b:59:6:65:Infinity:66:6:66:Infinity":0,"s:68:33:70:Infinity":5,"b:68:33:69:Infinity:70:6:70:Infinity":1,"s:72:21:72:Infinity":6,"s:74:22:74:Infinity":7,"b:74:47:74:82:74:82:74:Infinity":2,"s:75:23:75:Infinity":8,"b:75:23:75:44:75:44:75:Infinity":3,"s:76:23:76:Infinity":9,"s:78:2:86:Infinity":10,"f:78:12:78:18":1,"s:79:10:83:Infinity":11,"f:79:48:79:49":2,"b:80:6:82:Infinity:undefined:undefined:undefined:undefined":4,"s:80:6:82:Infinity":12,"s:81:8:81:Infinity":13,"s:85:4:85:Infinity":14,"s:88:23:92:Infinity":15,"s:94:23:94:Infinity":16,"s:96:18:98:Infinity":17,"f:96:18:96:30":3,"s:97:4:97:Infinity":18,"s:100:2:119:Infinity":19,"s:124:24:130:Infinity":20,"f:124:24:124:30":4,"s:125:8:125:Infinity":21,"b:126:2:128:Infinity:undefined:undefined:undefined:undefined":5,"s:126:2:128:Infinity":22,"s:127:4:127:Infinity":23,"s:129:2:129:Infinity":24}}}
,"C:\\Users\\USER\\Documents\\War\\YieldVault-RWA\\frontend\\src\\forms\\index.ts": {"path":"C:\\Users\\USER\\Documents\\War\\YieldVault-RWA\\frontend\\src\\forms\\index.ts","statementMap":{},"fnMap":{},"branchMap":{},"s":{},"f":{},"b":{},"meta":{"lastBranch":0,"lastFunction":0,"lastStatement":0,"seen":{}}}
,"C:\\Users\\USER\\Documents\\War\\YieldVault-RWA\\frontend\\src\\forms\\useForm.ts": {"path":"C:\\Users\\USER\\Documents\\War\\YieldVault-RWA\\frontend\\src\\forms\\useForm.ts","statementMap":{"0":{"start":{"line":13,"column":26},"end":{"line":13,"column":null}},"1":{"start":{"line":14,"column":26},"end":{"line":14,"column":null}},"2":{"start":{"line":15,"column":28},"end":{"line":15,"column":null}},"3":{"start":{"line":16,"column":38},"end":{"line":16,"column":null}},"4":{"start":{"line":18,"column":23},"end":{"line":26,"column":null}},"5":{"start":{"line":19,"column":28},"end":{"line":19,"column":null}},"6":{"start":{"line":20,"column":16},"end":{"line":20,"column":null}},"7":{"start":{"line":22,"column":4},"end":{"line":25,"column":null}},"8":{"start":{"line":22,"column":29},"end":{"line":25,"column":6}},"9":{"start":{"line":28,"column":21},"end":{"line":43,"column":null}},"10":{"start":{"line":29,"column":21},"end":{"line":29,"column":null}},"11":{"start":{"line":30,"column":16},"end":{"line":30,"column":null}},"12":{"start":{"line":32,"column":24},"end":{"line":35,"column":null}},"13":{"start":{"line":36,"column":4},"end":{"line":36,"column":null}},"14":{"start":{"line":38,"column":10},"end":{"line":38,"column":null}},"15":{"start":{"line":39,"column":27},"end":{"line":41,"column":null}},"16":{"start":{"line":40,"column":53},"end":{"line":40,"column":82}},"17":{"start":{"line":42,"column":4},"end":{"line":42,"column":null}},"18":{"start":{"line":45,"column":24},"end":{"line":54,"column":null}},"19":{"start":{"line":46,"column":4},"end":{"line":49,"column":null}},"20":{"start":{"line":46,"column":29},"end":{"line":49,"column":6}},"21":{"start":{"line":50,"column":4},"end":{"line":53,"column":null}},"22":{"start":{"line":50,"column":30},"end":{"line":53,"column":6}},"23":{"start":{"line":57,"column":4},"end":{"line":86,"column":null}},"24":{"start":{"line":58,"column":4},"end":{"line":86,"column":null}},"25":{"start":{"line":59,"column":6},"end":{"line":59,"column":null}},"26":{"start":{"line":61,"column":12},"end":{"line":61,"column":null}},"27":{"start":{"line":62,"column":25},"end":{"line":68,"column":null}},"28":{"start":{"line":63,"column":33},"end":{"line":66,"column":null}},"29":{"start":{"line":70,"column":6},"end":{"line":73,"column":null}},"30":{"start":{"line":70,"column":32},"end":{"line":73,"column":8}},"31":{"start":{"line":74,"column":6},"end":{"line":74,"column":null}},"32":{"start":{"line":76,"column":6},"end":{"line":78,"column":null}},"33":{"start":{"line":77,"column":8},"end":{"line":77,"column":null}},"34":{"start":{"line":80,"column":6},"end":{"line":80,"column":null}},"35":{"start":{"line":81,"column":6},"end":{"line":85,"column":null}},"36":{"start":{"line":82,"column":8},"end":{"line":82,"column":null}},"37":{"start":{"line":84,"column":8},"end":{"line":84,"column":null}},"38":{"start":{"line":88,"column":2},"end":{"line":97,"column":null}}},"fnMap":{"0":{"name":"useForm","decl":{"start":{"line":9,"column":16},"end":{"line":9,"column":null}},"loc":{"start":{"line":12,"column":2},"end":{"line":98,"column":null}},"line":12},"1":{"name":"(anonymous_1)","decl":{"start":{"line":18,"column":23},"end":{"line":18,"column":24}},"loc":{"start":{"line":18,"column":107},"end":{"line":26,"column":null}},"line":18},"2":{"name":"(anonymous_2)","decl":{"start":{"line":22,"column":14},"end":{"line":22,"column":15}},"loc":{"start":{"line":22,"column":29},"end":{"line":25,"column":6}},"line":22},"3":{"name":"(anonymous_3)","decl":{"start":{"line":28,"column":21},"end":{"line":28,"column":22}},"loc":{"start":{"line":28,"column":104},"end":{"line":43,"column":null}},"line":28},"4":{"name":"(anonymous_4)","decl":{"start":{"line":40,"column":40},"end":{"line":40,"column":41}},"loc":{"start":{"line":40,"column":53},"end":{"line":40,"column":82}},"line":40},"5":{"name":"(anonymous_5)","decl":{"start":{"line":45,"column":24},"end":{"line":45,"column":25}},"loc":{"start":{"line":45,"column":58},"end":{"line":54,"column":null}},"line":45},"6":{"name":"(anonymous_6)","decl":{"start":{"line":46,"column":14},"end":{"line":46,"column":15}},"loc":{"start":{"line":46,"column":29},"end":{"line":49,"column":6}},"line":46},"7":{"name":"(anonymous_7)","decl":{"start":{"line":50,"column":15},"end":{"line":50,"column":16}},"loc":{"start":{"line":50,"column":30},"end":{"line":53,"column":6}},"line":50},"8":{"name":"(anonymous_8)","decl":{"start":{"line":57,"column":4},"end":{"line":57,"column":5}},"loc":{"start":{"line":58,"column":4},"end":{"line":86,"column":null}},"line":58},"9":{"name":"(anonymous_9)","decl":{"start":{"line":58,"column":4},"end":{"line":58,"column":11}},"loc":{"start":{"line":58,"column":32},"end":{"line":86,"column":null}},"line":58},"10":{"name":"(anonymous_10)","decl":{"start":{"line":63,"column":8},"end":{"line":63,"column":9}},"loc":{"start":{"line":63,"column":33},"end":{"line":66,"column":null}},"line":63},"11":{"name":"(anonymous_11)","decl":{"start":{"line":70,"column":17},"end":{"line":70,"column":18}},"loc":{"start":{"line":70,"column":32},"end":{"line":73,"column":8}},"line":70}},"branchMap":{"0":{"loc":{"start":{"line":76,"column":6},"end":{"line":78,"column":null}},"type":"if","locations":[{"start":{"line":76,"column":6},"end":{"line":78,"column":null}},{"start":{},"end":{}}],"line":76}},"s":{"0":0,"1":0,"2":0,"3":0,"4":0,"5":0,"6":0,"7":0,"8":0,"9":0,"10":0,"11":0,"12":0,"13":0,"14":0,"15":0,"16":0,"17":0,"18":0,"19":0,"20":0,"21":0,"22":0,"23":0,"24":0,"25":0,"26":0,"27":0,"28":0,"29":0,"30":0,"31":0,"32":0,"33":0,"34":0,"35":0,"36":0,"37":0,"38":0},"f":{"0":0,"1":0,"2":0,"3":0,"4":0,"5":0,"6":0,"7":0,"8":0,"9":0,"10":0,"11":0},"b":{"0":[0,0]},"meta":{"lastBranch":1,"lastFunction":12,"lastStatement":39,"seen":{"f:9:16:9:Infinity":0,"s:13:26:13:Infinity":0,"s:14:26:14:Infinity":1,"s:15:28:15:Infinity":2,"s:16:38:16:Infinity":3,"s:18:23:26:Infinity":4,"f:18:23:18:24":1,"s:19:28:19:Infinity":5,"s:20:16:20:Infinity":6,"s:22:4:25:Infinity":7,"f:22:14:22:15":2,"s:22:29:25:6":8,"s:28:21:43:Infinity":9,"f:28:21:28:22":3,"s:29:21:29:Infinity":10,"s:30:16:30:Infinity":11,"s:32:24:35:Infinity":12,"s:36:4:36:Infinity":13,"s:38:10:38:Infinity":14,"s:39:27:41:Infinity":15,"f:40:40:40:41":4,"s:40:53:40:82":16,"s:42:4:42:Infinity":17,"s:45:24:54:Infinity":18,"f:45:24:45:25":5,"s:46:4:49:Infinity":19,"f:46:14:46:15":6,"s:46:29:49:6":20,"s:50:4:53:Infinity":21,"f:50:15:50:16":7,"s:50:30:53:6":22,"s:57:4:86:Infinity":23,"f:57:4:57:5":8,"s:58:4:86:Infinity":24,"f:58:4:58:11":9,"s:59:6:59:Infinity":25,"s:61:12:61:Infinity":26,"s:62:25:68:Infinity":27,"f:63:8:63:9":10,"s:63:33:66:Infinity":28,"s:70:6:73:Infinity":29,"f:70:17:70:18":11,"s:70:32:73:8":30,"s:74:6:74:Infinity":31,"b:76:6:78:Infinity:undefined:undefined:undefined:undefined":0,"s:76:6:78:Infinity":32,"s:77:8:77:Infinity":33,"s:80:6:80:Infinity":34,"s:81:6:85:Infinity":35,"s:82:8:82:Infinity":36,"s:84:8:84:Infinity":37,"s:88:2:97:Infinity":38}}}
,"C:\\Users\\USER\\Documents\\War\\YieldVault-RWA\\frontend\\src\\forms\\validate.ts": {"path":"C:\\Users\\USER\\Documents\\War\\YieldVault-RWA\\frontend\\src\\forms\\validate.ts","statementMap":{"0":{"start":{"line":27,"column":27},"end":{"line":32,"column":null}},"1":{"start":{"line":28,"column":2},"end":{"line":30,"column":null}},"2":{"start":{"line":29,"column":4},"end":{"line":29,"column":null}},"3":{"start":{"line":31,"column":2},"end":{"line":31,"column":null}},"4":{"start":{"line":42,"column":57},"end":{"line":42,"column":null}},"5":{"start":{"line":44,"column":3},"end":{"line":90,"column":null}},"6":{"start":{"line":45,"column":17},"end":{"line":45,"column":null}},"7":{"start":{"line":46,"column":4},"end":{"line":48,"column":null}},"8":{"start":{"line":47,"column":6},"end":{"line":47,"column":null}},"9":{"start":{"line":50,"column":21},"end":{"line":50,"column":null}},"10":{"start":{"line":51,"column":18},"end":{"line":51,"column":null}},"11":{"start":{"line":54,"column":6},"end":{"line":56,"column":null}},"12":{"start":{"line":58,"column":4},"end":{"line":61,"column":null}},"13":{"start":{"line":59,"column":6},"end":{"line":59,"column":null}},"14":{"start":{"line":60,"column":6},"end":{"line":60,"column":null}},"15":{"start":{"line":63,"column":4},"end":{"line":65,"column":null}},"16":{"start":{"line":64,"column":6},"end":{"line":64,"column":null}},"17":{"start":{"line":67,"column":4},"end":{"line":71,"column":null}},"18":{"start":{"line":68,"column":6},"end":{"line":69,"column":null}},"19":{"start":{"line":70,"column":6},"end":{"line":70,"column":null}},"20":{"start":{"line":73,"column":4},"end":{"line":77,"column":null}},"21":{"start":{"line":74,"column":6},"end":{"line":75,"column":null}},"22":{"start":{"line":76,"column":6},"end":{"line":76,"column":null}},"23":{"start":{"line":79,"column":4},"end":{"line":82,"column":null}},"24":{"start":{"line":80,"column":6},"end":{"line":80,"column":null}},"25":{"start":{"line":81,"column":6},"end":{"line":81,"column":null}},"26":{"start":{"line":84,"column":4},"end":{"line":89,"column":null}},"27":{"start":{"line":85,"column":26},"end":{"line":85,"column":null}},"28":{"start":{"line":86,"column":6},"end":{"line":88,"column":null}},"29":{"start":{"line":87,"column":8},"end":{"line":87,"column":null}},"30":{"start":{"line":92,"column":2},"end":{"line":92,"column":null}}},"fnMap":{"0":{"name":"(anonymous_0)","decl":{"start":{"line":27,"column":27},"end":{"line":27,"column":28}},"loc":{"start":{"line":27,"column":55},"end":{"line":32,"column":null}},"line":27},"1":{"name":"validate","decl":{"start":{"line":38,"column":16},"end":{"line":38,"column":null}},"loc":{"start":{"line":41,"column":42},"end":{"line":93,"column":null}},"line":41},"2":{"name":"(anonymous_2)","decl":{"start":{"line":44,"column":56},"end":{"line":44,"column":57}},"loc":{"start":{"line":44,"column":67},"end":{"line":90,"column":3}},"line":44}},"branchMap":{"0":{"loc":{"start":{"line":28,"column":2},"end":{"line":30,"column":null}},"type":"if","locations":[{"start":{"line":28,"column":2},"end":{"line":30,"column":null}},{"start":{},"end":{}}],"line":28},"1":{"loc":{"start":{"line":28,"column":6},"end":{"line":28,"column":45}},"type":"binary-expr","locations":[{"start":{"line":28,"column":6},"end":{"line":28,"column":24}},{"start":{"line":28,"column":24},"end":{"line":28,"column":45}}],"line":28},"2":{"loc":{"start":{"line":46,"column":4},"end":{"line":48,"column":null}},"type":"if","locations":[{"start":{"line":46,"column":4},"end":{"line":48,"column":null}},{"start":{},"end":{}}],"line":46},"3":{"loc":{"start":{"line":54,"column":6},"end":{"line":56,"column":null}},"type":"cond-expr","locations":[{"start":{"line":55,"column":10},"end":{"line":55,"column":null}},{"start":{"line":56,"column":10},"end":{"line":56,"column":null}}],"line":54},"4":{"loc":{"start":{"line":56,"column":10},"end":{"line":56,"column":null}},"type":"binary-expr","locations":[{"start":{"line":56,"column":10},"end":{"line":56,"column":37}},{"start":{"line":56,"column":37},"end":{"line":56,"column":null}}],"line":56},"5":{"loc":{"start":{"line":58,"column":4},"end":{"line":61,"column":null}},"type":"if","locations":[{"start":{"line":58,"column":4},"end":{"line":61,"column":null}},{"start":{},"end":{}}],"line":58},"6":{"loc":{"start":{"line":58,"column":8},"end":{"line":58,"column":45}},"type":"binary-expr","locations":[{"start":{"line":58,"column":8},"end":{"line":58,"column":25}},{"start":{"line":58,"column":25},"end":{"line":58,"column":45}}],"line":58},"7":{"loc":{"start":{"line":63,"column":4},"end":{"line":65,"column":null}},"type":"if","locations":[{"start":{"line":63,"column":4},"end":{"line":65,"column":null}},{"start":{},"end":{}}],"line":63},"8":{"loc":{"start":{"line":67,"column":4},"end":{"line":71,"column":null}},"type":"if","locations":[{"start":{"line":67,"column":4},"end":{"line":71,"column":null}},{"start":{},"end":{}}],"line":67},"9":{"loc":{"start":{"line":67,"column":8},"end":{"line":67,"column":59}},"type":"binary-expr","locations":[{"start":{"line":67,"column":8},"end":{"line":67,"column":34}},{"start":{"line":67,"column":34},"end":{"line":67,"column":59}}],"line":67},"10":{"loc":{"start":{"line":69,"column":8},"end":{"line":69,"column
[...]
1,"column":2},"end":{"line":178,"column":null}}},"fnMap":{"0":{"name":"(anonymous_0)","decl":{"start":{"line":38,"column":2},"end":{"line":38,"column":14}},"loc":{"start":{"line":38,"column":42},"end":{"line":52,"column":null}},"line":38},"1":{"name":"isApiError","decl":{"start":{"line":71,"column":16},"end":{"line":71,"column":27}},"loc":{"start":{"line":71,"column":62},"end":{"line":73,"column":null}},"line":71},"2":{"name":"isRetryableStatus","decl":{"start":{"line":75,"column":16},"end":{"line":75,"column":34}},"loc":{"start":{"line":75,"column":60},"end":{"line":77,"column":null}},"line":75},"3":{"name":"normalizeApiError","decl":{"start":{"line":79,"column":16},"end":{"line":79,"column":null}},"loc":{"start":{"line":82,"column":12},"end":{"line":179,"column":null}},"line":82}},"branchMap":{"0":{"loc":{"start":{"line":76,"column":9},"end":{"line":76,"column":null}},"type":"binary-expr","locations":[{"start":{"line":76,"column":9},"end":{"line":76,"column":39}},{"start":{"line":76,"column":39},"end":{"line":76,"column":null}}],"line":76},"1":{"loc":{"start":{"line":81,"column":2},"end":{"line":81,"column":null}},"type":"default-arg","locations":[{"start":{"line":81,"column":38},"end":{"line":81,"column":null}}],"line":81},"2":{"loc":{"start":{"line":83,"column":2},"end":{"line":85,"column":null}},"type":"if","locations":[{"start":{"line":83,"column":2},"end":{"line":85,"column":null}},{"start":{},"end":{}}],"line":83},"3":{"loc":{"start":{"line":95,"column":2},"end":{"line":104,"column":null}},"type":"if","locations":[{"start":{"line":95,"column":2},"end":{"line":104,"column":null}},{"start":{},"end":{}}],"line":95},"4":{"loc":{"start":{"line":95,"column":6},"end":{"line":95,"column":68}},"type":"binary-expr","locations":[{"start":{"line":95,"column":6},"end":{"line":95,"column":39}},{"start":{"line":95,"column":39},"end":{"line":95,"column":68}}],"line":95},"5":{"loc":{"start":{"line":106,"column":2},"end":{"line":116,"column":null}},"type":"if","locations":[{"start":{"line":106,"column":2},"end":{"line":116,"column":null}},{"start":{},"end":{}}],"line":106},"6":{"loc":{"start":{"line":110,"column":15},"end":{"line":110,"column":null}},"type":"binary-expr","locations":[{"start":{"line":110,"column":15},"end":{"line":110,"column":32}},{"start":{"line":110,"column":32},"end":{"line":110,"column":null}}],"line":110},"7":{"loc":{"start":{"line":118,"column":2},"end":{"line":128,"column":null}},"type":"if","locations":[{"start":{"line":118,"column":2},"end":{"line":128,"column":null}},{"start":{},"end":{}}],"line":118},"8":{"loc":{"start":{"line":130,"column":2},"end":{"line":142,"column":null}},"type":"if","locations":[{"start":{"line":130,"column":2},"end":{"line":142,"column":null}},{"start":{},"end":{}}],"line":130},"9":{"loc":{"start":{"line":130,"column":6},"end":{"line":130,"column":63}},"type":"binary-expr","locations":[{"start":{"line":130,"column":6},"end":{"line":130,"column":24}},{"start":{"line":130,"column":24},"end":{"line":130,"column":63}}],"line":130},"10":{"loc":{"start":{"line":144,"column":2},"end":{"line":158,"column":null}},"type":"if","locations":[{"start":{"line":144,"column":2},"end":{"line":158,"column":null}},{"start":{},"end":{}}],"line":144},"11":{"loc":{"start":{"line":150,"column":8},"end":{"line":152,"column":null}},"type":"cond-expr","locations":[{"start":{"line":151,"column":12},"end":{"line":151,"column":null}},{"start":{"line":152,"column":12},"end":{"line":152,"column":null}}],"line":150},"12":{"loc":{"start":{"line":160,"column":2},"end":{"line":169,"column":null}},"type":"if","locations":[{"start":{"line":160,"column":2},"end":{"line":169,"column":null}},{"start":{},"end":{}}],"line":160}},"s":{"0":36,"1":36,"2":36,"3":36,"4":36,"5":36,"6":36,"7":36,"8":36,"9":36,"10":36,"11":36,"12":36,"13":1,"14":1,"15":1,"16":37,"17":0,"18":37,"19":1,"20":36,"21":36,"22":0,"23":36,"24":36,"25":0,"26":0,"27":0,"28":0,"29":0,"30":0,"31":0,"32":0,"33":0},"f":{"0":36,"1":37,"2":0,"3":37},"b":{"0":[0,0],"1":[37],"2":[1,36],"3":[0,36],"4":[36,0],"5":[36,0],"6":[36,0],"7":[0,0],"8":[0,0],"9":[0,0],"10":[0,0],"11":[0,0],"12":[0,0]},"meta":{"lastBranch":13,"lastFunction":4,"lastStatement":34,"seen":{"f:38:2:38:14":0,"s:39:4:39:Infinity":0,"s:40:4:40:Infinity":1,"s:41:4:41:Infinity":2,"s:42:4:42:Infinity":3,"s:43:4:43:Infinity":4,"s:44:4:44:Infinity":5,"s:45:4:45:Infinity":6,"s:46:4:46:Infinity":7,"s:47:4:47:Infinity":8,"s:48:4:48:Infinity":9,"s:49:4:49:Infinity":10,"s:50:4:50:Infinity":11,"s:51:4:51:Infinity":12,"s:66:2:66:Infinity":13,"s:68:31:68:Infinity":14,"s:69:26:69:Infinity":15,"f:71:16:71:27":1,"s:72:2:72:Infinity":16,"f:75:16:75:34":2,"s:76:2:76:Infinity":17,"b:76:9:76:39:76:39:76:Infinity":0,"f:79:16:79:Infinity":3,"b:81:38:81:Infinity":1,"b:83:2:85:Infinity:undefined:undefined:undefined:undefined":2,"s:83:2:85:Infinity":18,"s:84:4:84:Infinity":19,"s:87:23:93:Infinity":20,"b:95:2:104:Infinity:undefined:undefined:undefined:undefined":3,"s:95:2:104:Infinity":21,"b:95:6:95:39:95:39:95:68":4,"s:96:4:103:Infinity":22,"b:106:2:116:Infinity:undefined:undefined:undefined:undefined":5,"s:106:2:116:Infinity":23,"s:107:4:115:Infinity":24,"b:110:15:110:32:110:32:110:Infinity":6,"b:118:2:128:Infinity:undefined:undefined:undefined:undefined":7,"s:118:2:128:Infinity":25,"s:119:4:127:Infinity":26,"b:130:2:142:Infinity:undefined:undefined:undefined:undefined":8,"s:130:2:142:Infinity":27,"b:130:6:130:24:130:24:130:63":9,"s:131:4:141:Infinity":28,"b:144:2:158:Infinity:undefined:undefined:undefined:undefined":10,"s:144:2:158:Infinity":29,"s:145:4:157:Infinity":30,"b:151:12:151:Infinity:152:12:152:Infinity":11,"b:160:2:169:Infinity:undefined:undefined:undefined:undefined":12,"s:160:2:169:Infinity":31,"s:161:4:168:Infinity":32,"s:171:2:178:Infinity":33}}}
,"C:\\Users\\USER\\Documents\\War\\YieldVault-RWA\\frontend\\src\\lib\\api\\index.ts": {"path":"C:\\Users\\USER\\Documents\\War\\YieldVault-RWA\\frontend\\src\\lib\\api\\index.ts","statementMap":{},"fnMap":{},"branchMap":{},"s":{},"f":{},"b":{},"meta":{"lastBranch":0,"lastFunction":0,"lastStatement":0,"seen":{}}}
,"C:\\Users\\USER\\Documents\\War\\YieldVault-RWA\\frontend\\src\\lib\\api\\schemas.ts": {"path":"C:\\Users\\USER\\Documents\\War\\YieldVault-RWA\\frontend\\src\\lib\\api\\schemas.ts","statementMap":{"0":{"start":{"line":22,"column":36},"end":{"line":27,"column":null}},"1":{"start":{"line":33,"column":28},"end":{"line":41,"column":null}},"2":{"start":{"line":39,"column":17},"end":{"line":39,"column":36}},"3":{"start":{"line":44,"column":32},"end":{"line":48,"column":null}},"4":{"start":{"line":51,"column":31},"end":{"line":53,"column":null}},"5":{"start":{"line":52,"column":19},"end":{"line":52,"column":null}},"6":{"start":{"line":56,"column":28},"end":{"line":60,"column":null}},"7":{"start":{"line":69,"column":36},"end":{"line":80,"column":null}},"8":{"start":{"line":91,"column":39},"end":{"line":103,"column":null}},"9":{"start":{"line":114,"column":39},"end":{"line":132,"column":null}},"10":{"start":{"line":126,"column":4},"end":{"line":128,"column":null}},"11":{"start":{"line":127,"column":6},"end":{"line":127,"column":null}},"12":{"start":{"line":129,"column":4},"end":{"line":129,"column":null}},"13":{"start":{"line":143,"column":36},"end":{"line":146,"column":null}},"14":{"start":{"line":157,"column":35},"end":{"line":159,"column":null}},"15":{"start":{"line":170,"column":38},"end":{"line":182,"column":null}}},"fnMap":{"0":{"name":"(anonymous_0)","decl":{"start":{"line":39,"column":10},"end":{"line":39,"column":11}},"loc":{"start":{"line":39,"column":17},"end":{"line":39,"column":36}},"line":39},"1":{"name":"(anonymous_1)","decl":{"start":{"line":52,"column":12},"end":{"line":52,"column":19}},"loc":{"start":{"line":52,"column":19},"end":{"line":52,"column":null}},"line":52},"2":{"name":"(anonymous_2)","decl":{"start":{"line":125,"column":2},"end":{"line":125,"column":3}},"loc":{"start":{"line":125,"column":9},"end":{"line":130,"column":null}},"line":125}},"branchMap":{"0":{"loc":{"start":{"line":126,"column":4},"end":{"line":128,"column":null}},"type":"if","locations":[{"start":{"line":126,"column":4},"end":{"line":128,"column":null}},{"start":{},"end":{}}],"line":126},"1":{"loc":{"start":{"line":126,"column":8},"end":{"line":126,"column":24}},"type":"binary-expr","locations":[{"start":{"line":126,"column":8},"end":{"line":126,"column":18}},{"start":{"line":126,"column":18},"end":{"line":126,"column":24}}],"line":126}},"s":{"0":1,"1":1,"2":0,"3":1,"4":1,"5":0,"6":1,"7":1,"8":1,"9":1,"10":11,"11":0,"12":11,"13":1,"14":1,"15":1},"f":{"0":0,"1":0,"2":11},"b":{"0":[0,11],"1":[11,0]},"meta":{"lastBranch":2,"lastFunction":3,"lastStatement":16,"seen":{"s:22:36:27:Infinity":0,"s:33:28:41:Infinity":1,"f:39:10:39:11":0,"s:39:17:39:36":2,"s:44:32:48:Infinity":3,"s:51:31:53:Infinity":4,"f:52:12:52:19":1,"s:52:19:52:Infinity":5,"s:56:28:60:Infinity":6,"s:69:36:80:Infinity":7,"s:91:39:103:Infinity":8,"s:114:39:132:Infinity":9,"f:125:2:125:3":2,"b:126:4:128:Infinity:undefined:undefined:undefined:undefined":0,"s:126:4:128:Infinity":10,"b:126:8:126:18:126:18:126:24":1,"s:127:6:127:Infinity":11,"s:129:4:129:Infinity":12,"s:143:36:146:Infinity":13,"s:157:35:159:Infinity":14,"s:170:38:182:Infinity":15}}}
,"C:\\Users\\USER\\Documents\\War\\YieldVault-RWA\\frontend\\src\\lib\\api\\telemetry.ts": {"path":"C:\\Users\\USER\\Documents\\War\\YieldVault-RWA\\frontend\\src\\lib\\api\\telemetry.ts","statementMap":{"0":{"start":{"line":41,"column":18},"end":{"line":41,"column":null}},"1":{"start":{"line":44,"column":2},"end":{"line":44,"column":null}},"2":{"start":{"line":44,"column":34},"end":{"line":44,"column":49}},"3":{"start":{"line":48,"column":2},"end":{"line":48,"column":null}},"4":{"start":{"line":49,"column":2},"end":{"line":51,"column":null}},"5":{"start":{"line":50,"column":4},"end":{"line":50,"column":null}}},"fnMap":{"0":{"name":"emitApiTelemetry","decl":{"start":{"line":43,"column":16},"end":{"line":43,"column":33}},"loc":{"start":{"line":43,"column":59},"end":{"line":45,"column":null}},"line":43},"1":{"name":"(anonymous_1)","decl":{"start":{"line":44,"column":20},"end":{"line":44,"column":21}},"loc":{"start":{"line":44,"column":34},"end":{"line":44,"column":49}},"line":44},"2":{"name":"subscribeToApiTelemetry","decl":{"start":{"line":47,"column":16},"end":{"line":47,"column":40}},"loc":{"start":{"line":47,"column":72},"end":{"line":52,"column":null}},"line":47},"3":{"name":"(anonymous_3)","decl":{"start":{"line":49,"column":9},"end":{"line":49,"column":15}},"loc":{"start":{"line":49,"column":15},"end":{"line":51,"column":null}},"line":49}},"branchMap":{},"s":{"0":1,"1":92,"2":92,"3":11,"4":11,"5":11},"f":{"0":92,"1":92,"2":11,"3":11},"b":{},"meta":{"lastBranch":0,"lastFunction":4,"lastStatement":6,"seen":{"s:41:18:41:Infinity":0,"f:43:16:43:33":0,"s:44:2:44:Infinity":1,"f:44:20:44:21":1,"s:44:34:44:49":2,"f:47:16:47:40":2,"s:48:2:48:Infinity":3,"s:49:2:51:Infinity":4,"f:49:9:49:15":3,"s:50:4:50:Infinity":5}}}
,"C:\\Users\\USER\\Documents\\War\\YieldVault-RWA\\frontend\\src\\lib\\api\\useApiTelemetry.ts": {"path":"C:\\Users\\USER\\Documents\\War\\YieldVault-RWA\\frontend\\src\\lib\\api\\useApiTelemetry.ts","statementMap":{"0":{"start":{"line":8,"column":2},"end":{"line":10,"column":null}},"1":{"start":{"line":9,"column":4},"end":{"line":9,"column":null}}},"fnMap":{"0":{"name":"useApiTelemetry","decl":{"start":{"line":7,"column":16},"end":{"line":7,"column":32}},"loc":{"start":{"line":7,"column":77},"end":{"line":11,"column":null}},"line":7},"1":{"name":"(anonymous_1)","decl":{"start":{"line":8,"column":12},"end":{"line":8,"column":18}},"loc":{"start":{"line":8,"column":18},"end":{"line":10,"column":5}},"line":8}},"branchMap":{},"s":{"0":0,"1":0},"f":{"0":0,"1":0},"b":{},"meta":{"lastBranch":0,"lastFunction":2,"lastStatement":2,"seen":{"f:7:16:7:32":0,"s:8:2:10:Infinity":0,"f:8:12:8:18":1,"s:9:4:9:Infinity":1}}}
,"C:\\Users\\USER\\Documents\\War\\YieldVault-RWA\\frontend\\src\\lib\\api\\validation.ts": {"path":"C:\\Users\\USER\\Documents\\War\\YieldVault-RWA\\frontend\\src\\lib\\api\\validation.ts","statementMap":{"0":{"start":{"line":40,"column":39},"end":{"line":40,"column":null}},"1":{"start":{"line":45,"column":4},"end":{"line":45,"column":null}},"2":{"start":{"line":46,"column":4},"end":{"line":46,"column":null}},"3":{"start":{"line":47,"column":4},"end":{"line":47,"column":null}},"4":{"start":{"line":48,"column":4},"end":{"line":48,"column":null}},"5":{"start":{"line":53,"column":4},"end":{"line":58,"column":null}},"6":{"start":{"line":63,"column":2},"end":{"line":63,"column":null}},"7":{"start":{"line":85,"column":17},"end":{"line":85,"column":null}},"8":{"start":{"line":86,"column":2},"end":{"line":88,"column":null}},"9":{"start":{"line":87,"column":4},"end":{"line":87,"column":null}},"10":{"start":{"line":91,"column":17},"end":{"line":91,"column":null}},"11":{"start":{"line":93,"column":43},"end":{"line":97,"column":null}},"12":{"start":{"line":93,"column":66},"end":{"line":97,"column":4}},"13":{"start":{"line":99,"column":16},"end":{"line":99,"column":null}},"14":{"start":{"line":100,"column":2},"end":{"line":104,"column":null}},"15":{"start":{"line":115,"column":2},"end":{"line":115,"column":null}},"16":{"start":{"line":123,"column":2},"end":{"line":126,"column":null}},"17":{"start":{"line":124,"column":14},"end":{"line":124,"column":null}},"18":{"start":{"line":125,"column":4},"end":{"line":125,"column":null}},"19":{"start":{"line":127,"column":20},"end":{"line":130,"column":null}},"20":{"start":{"line":129,"column":16},"end":{"line":129,"column":23}},"21":{"start":{"line":131,"column":16},"end":{"line":131,"column":null}},"22":{"start":{"line":132,"column":2},"end":{"line":132,"column":null}},"23":{"start":{"line":141,"column":2},"end":{"line":154,"column":null}},"24":{"start":{"line":142,"column":17},"end":{"line":142,"column":null}},"25":{"start":{"line":143,"column":4},"end":{"line":143,"column":null}},"26":{"start":{"line":143,"column":27},"end":{"line":143,"column":null}},"27":{"start":{"line":144,"column":4},"end":{"line":150,"column":null}},"28":{"start":{"line":149,"column":6},"end":{"line":149,"column":null}},"29":{"start":{"line":151,"column":4},"end":{"line":151,"column":null}},"30":{"start":{"line":153,"column":4},"end":{"line":153,"column":null}}},"fnMap":{"0":{"name":"(anonymous_0)","decl":{"start":{"line":44,"column":2},"end":{"line":44,"column":14}},"loc":{"start":{"line":44,"column":57},"end":{"line":49,"column":null}},"line":44},"1":{"name":"(anonymous_1)","decl":{"start":{"line":52,"column":2},"end":{"line":52,"column":33}},"loc":{"start":{"line":52,"column":33},"end":{"line":59,"column":null}},"line":52},"2":{"name":"isValidationError","decl":{"start":{"line":62,"column":16},"end":{"line":62,"column":34}},"loc":{"start":{"line":62,"column":72},"end":{"line":64,"column":null}},"line":62},"3":{"name":"validate","decl":{"start":{"line":80,"column":16},"end":{"line":80,"column":null}},"loc":{"start":{"line":84,"column":5},"end":{"line":105,"column":null}},"line":84},"4":{"name":"(anonymous_4)","decl":{"start":{"line":93,"column":54},"end":{"line":93,"column":55}},"loc":{"start":{"line":93,"column":66},"end":{"line":97,"column":4}},"line":93},"5":{"name":"validateAsync","decl":{"start":{"line":110,"column":22},"end":{"line":110,"column":null}},"loc":{"start":{"line":114,"column":14},"end":{"line":116,"column":null}},"line":114},"6":{"name":"buildUserMessage","decl":{"start":{"line":122,"column":9},"end":{"line":122,"column":26}},"loc":{"start":{"line":122,"column":68},"end":{"line":133,"column":null}},"line":122},"7":{"name":"(anonymous_7)","decl":{"start":{"line":129,"column":9},"end":{"line":129,"column":10}},"loc":{"start":{"line":129,"column":16},"end":{"line":129,"column":23}},"line":129},"8":{"name":"extractReceived","decl":{"start":{"line":140,"column":9},"end":{"line":140,"column":25}},"loc":{"start":{"line":140,"column":70},"end":{"line":155,"column":null}},"line":140}},"branchMap":{"0":{"loc":{"start":{"line":86,"column":2},"end":{"line":88,"column":null}},"type":"if","locations":[{"start":{"line":86,"column":2},"end":{"line":88,"column":null}},{"start":{},"end":{}}],"line":86},"1":{"loc":{"start":{"line":94,"column":11},"end":{"line":94,"column":null}},"type":"cond-expr","locations":[{"start":{"line":94,"column":35},"end":{"line":94,"column":58}},{"start":{"line":94,"column":58},"end":{"line":94,"column":null}}],"line":94},"2":{"loc":{"start":{"line":99,"column":16},"end":{"line":99,"column":null}},"type":"cond-expr","locations":[{"start":{"line":99,"column":26},"end":{"line":99,"column":44}},{"start":{"line":99,"column":44},"end":{"line":99,"column":null}}],"line":99},"3":{"loc":{"start":{"line":101,"column":43},"end":{"line":101,"column":80}},"type":"binary-expr","locations":[{"start":{"line":101,"column":43},"end":{"line":101,"column":65}},{"start":{"line":101,"column":65},"end":{"line":101,"column":80}}],"line":101},"4":{"loc":{"start":{"line":123,"column":2},"end":{"line":126,"column":null}},"type":"if","locations":[{"start":{"line":123,"column":2},"end":{"line":126,"column":null}},{"start":{},"end":{}}],"line":123},"5":{"loc":{"start":{"line":131,"column":16},"end":{"line":131,"column":null}},"type":"cond-expr","locations":[{"start":{"line":131,"column":37},"end":{"line":131,"column":73}},{"start":{"line":131,"column":73},"end":{"line":131,"column":null}}],"line":131},"6":{"loc":{"start":{"line":143,"column":4},"end":{"line":143,"column":null}},"type":"if","locations":[{"start":{"line":143,"column":4},"end":{"line":143,"column":null}},{"start":{},"end":{}}],"line":143},"7":{"loc":{"start":{"line":144,"column":4},"end":{"line":150,"column":null}},"type":"if","locations":[{"start":{"line":144,"column":4},"end":{"line":150,"column":null}},{"start":{},"end":{}}],"line":144},"8":{"loc":{"start":{"line":145,"column":6},"end":{"line":147,"column":null}},"type":"binary-expr","locations":[{"start":{"line":145,"column":6},"end":{"line":145,"column":null}},{"start":{"line":146,"column":6},"end":{"line":146,"column":null}},{"start":{"line":147,"column":6},"end":{"line":147,"column":null}}],"line":145}},"s":{"0":0,"1":0,"2":0,"3":0,"4":0,"5":0,"6":0,"7":11,"8":11,"9":11,"10":0,"11":0,"12":0,"13":0,"14":11,"15":0,"16":0,"17":0,"18":0,"19":0,"20":0,"21":0,"22":0,"23":0,"24":0,"25":0,"26":0,"27":0,"28":0,"29":0,"30":0},"f":{"0":0,"1":0,"2":0,"3":11,"4":0,"5":0,"6":0,"7":0,"8":0},"b":{"0":[11,0],"1":[0,0],"2":[0,0],"3":[11,0],"4":[0,0],"5":[0,0],"6":[0,0],"7":[0,0],"8":[0,0,0]},"meta":{"lastBranch":9,"lastFunction":9,"lastStatement":31,"seen":{"s:40:39:40:Infinity":0,"f:44:2:44:14":0,"s:45:4:45:Infinity":1,"s:46:4:46:Infinity":2,"s:47:4:47:Infinity":3,"s:48:4:48:Infinity":4,"f:52:2:52:33":1,"s:53:4:58:Infinity":5,"f:62:16:62:34":2,"s:63:2:63:Infinity":6,"f:80:16:80:Infinity":3,"s:85:17:85:Infinity":7,"b:86:2:88:Infinity:undefined:undefined:undefined:undefined":0,"s:86:2:88:Infinity":8,"s:87:4:87:Infinity":9,"s:91:17:91:Infinity":10,"s:93:43:97:Infinity":11,"f:93:54:93:55":4,"s:93:66:97:4":12,"b:94:35:94:58:94:58:94:Infinity":1,"s:99:16:99:Infinity":13,"b:99:26:99:44:99:44:99:Infinity":2,"s:100:2:104:Infinity":14,"b:101:43:101:65:101:65:101:80":3,"f:110:22:110:Infinity":5,"s:115:2:115:Infinity":15,"f:122:9:122:26":6,"b:123:2:126:Infinity:undefined:undefined:undefined:undefined":4,"s:123:2:126:Infinity":16,"s:124:14:124:Infinity":17,"s:125:4:125:Infinity":18,"s:127:20:130:Infinity":19,"f:129:9:129:10":7,"s:129:16:129:23":20,"s:131:16:131:Infinity":21,"b:131:37:131:73:131:73:131:Infinity":5,"s:132:2:132:Infinity":22,"f:140:9:140:25":8,"s:141:2:154:Infinity":23,"s:142:17:142:Infinity":24,"b:143:4:143:Infinity:undefined:undefined:undefined:undefined":6,"s:143:4:143:Infinity":25,"s:143:27:143:Infinity":26,"b:144:4:150:Infinity:undefined:undefined:undefined:undefined":7,"s:144:4:150:Infinity":27,"b:145:6:145:Infinity:146:6:146:Infinity:147:6:147:Infinity":8,"s:149:6:149:Infinity":28,"s:151:4:151:Infinity":29,"s:153:4:153:Infinity":30}}}
}
